{"C:\\Users\\Biel_\\nimbus-front\\src\\App.jsx": {"path":"C:\\Users\\Biel_\\nimbus-front\\src\\App.jsx","statementMap":{"0":{"start":{"line":20,"column":23},"end":{"line":23,"column":null}},"1":{"start":{"line":21,"column":28},"end":{"line":21,"column":null}},"2":{"start":{"line":22,"column":4},"end":{"line":22,"column":null}},"3":{"start":{"line":25,"column":24},"end":{"line":29,"column":null}},"4":{"start":{"line":26,"column":28},"end":{"line":26,"column":null}},"5":{"start":{"line":27,"column":24},"end":{"line":27,"column":null}},"6":{"start":{"line":28,"column":4},"end":{"line":28,"column":null}},"7":{"start":{"line":32,"column":10},"end":{"line":32,"column":null}},"8":{"start":{"line":34,"column":4},"end":{"line":37,"column":null}},"9":{"start":{"line":35,"column":8},"end":{"line":35,"column":null}},"10":{"start":{"line":36,"column":8},"end":{"line":36,"column":null}},"11":{"start":{"line":36,"column":21},"end":{"line":36,"column":null}},"12":{"start":{"line":39,"column":4},"end":{"line":56,"column":null}}},"fnMap":{"0":{"name":"(anonymous_0)","decl":{"start":{"line":20,"column":23},"end":{"line":20,"column":29}},"loc":{"start":{"line":20,"column":29},"end":{"line":23,"column":null}},"line":20},"1":{"name":"(anonymous_1)","decl":{"start":{"line":25,"column":24},"end":{"line":25,"column":30}},"loc":{"start":{"line":25,"column":30},"end":{"line":29,"column":null}},"line":25},"2":{"name":"App","decl":{"start":{"line":31,"column":9},"end":{"line":31,"column":15}},"loc":{"start":{"line":31,"column":15},"end":{"line":58,"column":null}},"line":31},"3":{"name":"(anonymous_3)","decl":{"start":{"line":34,"column":14},"end":{"line":34,"column":20}},"loc":{"start":{"line":34,"column":20},"end":{"line":37,"column":7}},"line":34},"4":{"name":"(anonymous_4)","decl":{"start":{"line":36,"column":15},"end":{"line":36,"column":21}},"loc":{"start":{"line":36,"column":21},"end":{"line":36,"column":null}},"line":36}},"branchMap":{"0":{"loc":{"start":{"line":22,"column":11},"end":{"line":22,"column":null}},"type":"cond-expr","locations":[{"start":{"line":22,"column":29},"end":{"line":22,"column":47}},{"start":{"line":22,"column":47},"end":{"line":22,"column":null}}],"line":22},"1":{"loc":{"start":{"line":27,"column":24},"end":{"line":27,"column":null}},"type":"cond-expr","locations":[{"start":{"line":27,"column":42},"end":{"line":27,"column":54}},{"start":{"line":27,"column":54},"end":{"line":27,"column":null}}],"line":27}},"s":{"0":1,"1":0,"2":0,"3":1,"4":2,"5":2,"6":2,"7":2,"8":2,"9":2,"10":2,"11":2,"12":2},"f":{"0":0,"1":2,"2":2,"3":2,"4":2},"b":{"0":[0,0],"1":[1,1]},"meta":{"lastBranch":2,"lastFunction":5,"lastStatement":13,"seen":{"s:20:23:23:Infinity":0,"f:20:23:20:29":0,"s:21:28:21:Infinity":1,"s:22:4:22:Infinity":2,"b:22:29:22:47:22:47:22:Infinity":0,"s:25:24:29:Infinity":3,"f:25:24:25:30":1,"s:26:28:26:Infinity":4,"s:27:24:27:Infinity":5,"b:27:42:27:54:27:54:27:Infinity":1,"s:28:4:28:Infinity":6,"f:31:9:31:15":2,"s:32:10:32:Infinity":7,"s:34:4:37:Infinity":8,"f:34:14:34:20":3,"s:35:8:35:Infinity":9,"s:36:8:36:Infinity":10,"f:36:15:36:21":4,"s:36:21:36:Infinity":11,"s:39:4:56:Infinity":12}}}
,"C:\\Users\\Biel_\\nimbus-front\\src\\api\\api.js": {"path":"C:\\Users\\Biel_\\nimbus-front\\src\\api\\api.js","statementMap":{"0":{"start":{"line":3,"column":12},"end":{"line":9,"column":2}}},"fnMap":{},"branchMap":{},"s":{"0":3},"f":{},"b":{},"meta":{"lastBranch":0,"lastFunction":0,"lastStatement":1,"seen":{"s:3:12:9:2":0}}}
,"C:\\Users\\Biel_\\nimbus-front\\src\\assets\\loading.gif": {"path":"C:\\Users\\Biel_\\nimbus-front\\src\\assets\\loading.gif","statementMap":{},"fnMap":{},"branchMap":{},"s":{},"f":{},"b":{},"meta":{"lastBranch":0,"lastFunction":0,"lastStatement":0,"seen":{}}}
,"C:\\Users\\Biel_\\nimbus-front\\src\\assets\\station_image.svg": {"path":"C:\\Users\\Biel_\\nimbus-front\\src\\assets\\station_image.svg","statementMap":{},"fnMap":{},"branchMap":{},"s":{},"f":{},"b":{},"meta":{"lastBranch":0,"lastFunction":0,"lastStatement":0,"seen":{}}}
,"C:\\Users\\Biel_\\nimbus-front\\src\\components\\AlertForm.jsx": {"path":"C:\\Users\\Biel_\\nimbus-front\\src\\components\\AlertForm.jsx","statementMap":{"0":{"start":{"line":7,"column":32},"end":{"line":7,"column":null}},"1":{"start":{"line":8,"column":46},"end":{"line":8,"column":null}},"2":{"start":{"line":9,"column":36},"end":{"line":9,"column":null}},"3":{"start":{"line":10,"column":26},"end":{"line":10,"column":null}},"4":{"start":{"line":11,"column":42},"end":{"line":11,"column":null}},"5":{"start":{"line":12,"column":32},"end":{"line":18,"column":null}},"6":{"start":{"line":20,"column":26},"end":{"line":27,"column":null}},"7":{"start":{"line":21,"column":8},"end":{"line":26,"column":null}},"8":{"start":{"line":22,"column":29},"end":{"line":22,"column":null}},"9":{"start":{"line":23,"column":12},"end":{"line":23,"column":null}},"10":{"start":{"line":25,"column":12},"end":{"line":25,"column":null}},"11":{"start":{"line":29,"column":23},"end":{"line":36,"column":null}},"12":{"start":{"line":30,"column":8},"end":{"line":35,"column":null}},"13":{"start":{"line":31,"column":29},"end":{"line":31,"column":null}},"14":{"start":{"line":32,"column":12},"end":{"line":32,"column":null}},"15":{"start":{"line":34,"column":12},"end":{"line":34,"column":null}},"16":{"start":{"line":38,"column":28},"end":{"line":46,"column":null}},"17":{"start":{"line":39,"column":8},"end":{"line":39,"column":null}},"18":{"start":{"line":39,"column":30},"end":{"line":39,"column":null}},"19":{"start":{"line":40,"column":8},"end":{"line":45,"column":null}},"20":{"start":{"line":41,"column":29},"end":{"line":41,"column":null}},"21":{"start":{"line":42,"column":12},"end":{"line":42,"column":null}},"22":{"start":{"line":44,"column":12},"end":{"line":44,"column":null}},"23":{"start":{"line":48,"column":30},"end":{"line":51,"column":null}},"24":{"start":{"line":49,"column":30},"end":{"line":49,"column":null}},"25":{"start":{"line":50,"column":8},"end":{"line":50,"column":null}},"26":{"start":{"line":50,"column":29},"end":{"line":50,"column":54}},"27":{"start":{"line":53,"column":25},"end":{"line":90,"column":null}},"28":{"start":{"line":54,"column":8},"end":{"line":54,"column":null}},"29":{"start":{"line":55,"column":8},"end":{"line":89,"column":null}},"30":{"start":{"line":56,"column":38},"end":{"line":59,"column":null}},"31":{"start":{"line":60,"column":39},"end":{"line":60,"column":null}},"32":{"start":{"line":61,"column":35},"end":{"line":61,"column":null}},"33":{"start":{"line":63,"column":34},"end":{"line":70,"column":null}},"34":{"start":{"line":71,"column":35},"end":{"line":71,"column":null}},"35":{"start":{"line":73,"column":12},"end":{"line":73,"column":null}},"36":{"start":{"line":74,"column":12},"end":{"line":74,"column":null}},"37":{"start":{"line":76,"column":12},"end":{"line":82,"column":null}},"38":{"start":{"line":83,"column":12},"end":{"line":83,"column":null}},"39":{"start":{"line":84,"column":12},"end":{"line":84,"column":null}},"40":{"start":{"line":85,"column":12},"end":{"line":85,"column":null}},"41":{"start":{"line":87,"column":12},"end":{"line":87,"column":null}},"42":{"start":{"line":88,"column":12},"end":{"line":88,"column":null}},"43":{"start":{"line":92,"column":4},"end":{"line":95,"column":null}},"44":{"start":{"line":93,"column":8},"end":{"line":93,"column":null}},"45":{"start":{"line":94,"column":8},"end":{"line":94,"column":null}},"46":{"start":{"line":97,"column":4},"end":{"line":99,"column":null}},"47":{"start":{"line":98,"column":8},"end":{"line":98,"column":null}},"48":{"start":{"line":101,"column":0},"end":{"line":221,"column":null}},"49":{"start":{"line":111,"column":45},"end":{"line":111,"column":null}},"50":{"start":{"line":115,"column":32},"end":{"line":117,"column":null}},"51":{"start":{"line":170,"column":32},"end":{"line":172,"column":null}},"52":{"start":{"line":181,"column":32},"end":{"line":200,"column":null}},"53":{"start":{"line":192,"column":44},"end":{"line":196,"column":null}},"54":{"start":{"line":193,"column":48},"end":{"line":193,"column":null}},"55":{"start":{"line":193,"column":92},"end":{"line":193,"column":114}},"56":{"start":{"line":195,"column":48},"end":{"line":195,"column":null}}},"fnMap":{"0":{"name":"AlertForm","decl":{"start":{"line":6,"column":9},"end":{"line":6,"column":19}},"loc":{"start":{"line":6,"column":30},"end":{"line":223,"column":null}},"line":6},"1":{"name":"(anonymous_1)","decl":{"start":{"line":20,"column":26},"end":{"line":20,"column":38}},"loc":{"start":{"line":20,"column":38},"end":{"line":27,"column":null}},"line":20},"2":{"name":"(anonymous_2)","decl":{"start":{"line":29,"column":23},"end":{"line":29,"column":35}},"loc":{"start":{"line":29,"column":35},"end":{"line":36,"column":null}},"line":29},"3":{"name":"(anonymous_3)","decl":{"start":{"line":38,"column":28},"end":{"line":38,"column":40}},"loc":{"start":{"line":38,"column":40},"end":{"line":46,"column":null}},"line":38},"4":{"name":"(anonymous_4)","decl":{"start":{"line":48,"column":30},"end":{"line":48,"column":31}},"loc":{"start":{"line":48,"column":37},"end":{"line":51,"column":null}},"line":48},"5":{"name":"(anonymous_5)","decl":{"start":{"line":50,"column":20},"end":{"line":50,"column":29}},"loc":{"start":{"line":50,"column":29},"end":{"line":50,"column":54}},"line":50},"6":{"name":"(anonymous_6)","decl":{"start":{"line":53,"column":25},"end":{"line":53,"column":32}},"loc":{"start":{"line":53,"column":38},"end":{"line":90,"column":null}},"line":53},"7":{"name":"(anonymous_7)","decl":{"start":{"line":92,"column":14},"end":{"line":92,"column":20}},"loc":{"start":{"line":92,"column":20},"end":{"line":95,"column":7}},"line":92},"8":{"name":"(anonymous_8)","decl":{"start":{"line":97,"column":14},"end":{"line":97,"column":20}},"loc":{"start":{"line":97,"column":20},"end":{"line":99,"column":7}},"line":97},"9":{"name":"(anonymous_9)","decl":{"start":{"line":111,"column":38},"end":{"line":111,"column":39}},"loc":{"start":{"line":111,"column":45},"end":{"line":111,"column":null}},"line":111},"10":{"name":"(anonymous_10)","decl":{"start":{"line":114,"column":42},"end":{"line":114,"column":null}},"loc":{"start":{"line":115,"column":32},"end":{"line":117,"column":null}},"line":115},"11":{"name":"(anonymous_11)","decl":{"start":{"line":169,"column":44},"end":{"line":169,"column":null}},"loc":{"start":{"line":170,"column":32},"end":{"line":172,"column":null}},"line":170},"12":{"name":"(anonymous_12)","decl":{"start":{"line":180,"column":39},"end":{"line":180,"column":null}},"loc":{"start":{"line":181,"column":32},"end":{"line":200,"column":null}},"line":181},"13":{"name":"(anonymous_13)","decl":{"start":{"line":191,"column":50},"end":{"line":191,"column":56}},"loc":{"start":{"line":191,"column":56},"end":{"line":197,"column":null}},"line":191},"14":{"name":"(anonymous_14)","decl":{"start":{"line":193,"column":86},"end":{"line":193,"column":92}},"loc":{"start":{"line":193,"column":92},"end":{"line":193,"column":114}},"line":193}},"branchMap":{"0":{"loc":{"start":{"line":39,"column":8},"end":{"line":39,"column":null}},"type":"if","locations":[{"start":{"line":39,"column":8},"end":{"line":39,"column":null}},{"start":{},"end":{}}],"line":39},"1":{"loc":{"start":{"line":184,"column":40},"end":{"line":184,"column":null}},"type":"cond-expr","locations":[{"start":{"line":184,"column":82},"end":{"line":184,"column":99}},{"start":{"line":184,"column":99},"end":{"line":184,"column":null}}],"line":184},"2":{"loc":{"start":{"line":192,"column":44},"end":{"line":196,"column":null}},"type":"if","locations":[{"start":{"line":192,"column":44},"end":{"line":196,"column":null}},{"start":{"line":194,"column":51},"end":{"line":196,"column":null}}],"line":192}},"s":{"0":6,"1":6,"2":6,"3":6,"4":6,"5":6,"6":6,"7":1,"8":1,"9":1,"10":0,"11":6,"12":1,"13":1,"14":1,"15":0,"16":6,"17":3,"18":2,"19":1,"20":1,"21":1,"22":0,"23":6,"24":2,"25":2,"26":2,"27":6,"28":1,"29":1,"30":1,"31":1,"32":1,"33":1,"34":1,"35":1,"36":1,"37":1,"38":1,"39":1,"40":1,"41":0,"42":0,"43":6,"44":1,"45":1,"46":6,"47":3,"48":6,"49":1,"50":5,"51":1,"52":5,"53":0,"54":0,"55":0,"56":0},"f":{"0":6,"1":1,"2":1,"3":3,"4":2,"5":2,"6":1,"7":1,"8":3,"9":1,"10":5,"11":1,"12":5,"13":0,"14":0},"b":{"0":[2,1],"1":[0,5],"2":[0,0]},"meta":{"lastBranch":3,"lastFunction":15,"lastStatement":57,"seen":{"f:6:9:6:19":0,"s:7:32:7:Infinity":0,"s:8:46:8:Infinity":1,"s:9:36:9:Infinity":2,"s:10:26:10:Infinity":3,"s:11:42:11:Infinity":4,"s:12:32:18:Infinity":5,"s:20:26:27:Infinity":6,"f:20:26:20:38":1,"s:21:8:26:Infinity":7,"s:22:29:22:Infinity":8,"s:23:12:23:Infinity":9,"s:25:12:25:Infinity":10,"s:29:23:36:Infinity":11,"f:29:23:29:35":2,"s:30:8:35:Infinity":12,"s:31:29:31:Infinity":13,"s:32:12:32:Infinity":14,"s:34:12:34:Infinity":15,"s:38:28:46:Infinity":16,"f:38:28:38:40":3,"b:39:8:39:Infinity:undefined:undefined:undefined:undefined":0,"s:39:8:39:Infinity":17,"s:39:30:39:Infinity":18,"s:40:8:45:Infinity":19,"s:41:29:41:Infinity":20,"s:42:12:42:Infinity":21,"s:44:12:44:Infinity":22,"s:48:30:51:Infinity":23,"f:48:30:48:31":4,"s:49:30:49:Infinity":24,"s:50:8:50:Infinity":25,"f:50:20:50:29":5,"s:50:29:50:54":26,"s:53:25:90:Infinity":27,"f:53:25:53:32":6,"s:54:8:54:Infinity":28,"s:55:8:89:Infinity":29,"s:56:38:59:Infinity":30,"s:60:39:60:Infinity":31,"s:61:35:61:Infinity":32,"s:63:34:70:Infinity":33,"s:71:35:71:Infinity":34,"s:73:12:73:Infinity":35,"s:74:12:74:Infinity":36,"s:76:12:82:Infinity":37,"s:83:12:83:Infinity":38,"s:84:12:84:Infinity":39,"s:85:12:85:Infinity":40,"s:87:12:87:Infinity":41,"s:88:12:88:Infinity":42,"s:92:4:95:Infinity":43,"f:92:14:92:20":7,"s:93:8:93:Infinity":44,"s:94:8:94:Infinity":45,"s:97:4:99:Infinity":46,"f:97:14:97:20":8,"s:98:8:98:Infinity":47,"s:101:0:221:Infinity":48,"f:111:38:111:39":9,"s:111:45:111:Infinity":49,"f:114:42:114:Infinity":10,"s:115:32:117:Infinity":50,"f:169:44:169:Infinity":11,"s:170:32:172:Infinity":51,"f:180:39:180:Infinity":12,"s:181:32:200:Infinity":52,"b:184:82:184:99:184:99:184:Infinity":1,"f:191:50:191:56":13,"b:192:44:196:Infinity:194:51:196:Infinity":2,"s:192:44:196:Infinity":53,"s:193:48:193:Infinity":54,"f:193:86:193:92":14,"s:193:92:193:114":55,"s:195:48:195:Infinity":56}}}
,"C:\\Users\\Biel_\\nimbus-front\\src\\components\\AlertModal.jsx": {"path":"C:\\Users\\Biel_\\nimbus-front\\src\\components\\AlertModal.jsx","statementMap":{"0":{"start":{"line":7,"column":32},"end":{"line":7,"column":null}},"1":{"start":{"line":8,"column":28},"end":{"line":8,"column":null}},"2":{"start":{"line":9,"column":26},"end":{"line":9,"column":null}},"3":{"start":{"line":11,"column":34},"end":{"line":11,"column":null}},"4":{"start":{"line":12,"column":26},"end":{"line":12,"column":null}},"5":{"start":{"line":13,"column":30},"end":{"line":13,"column":null}},"6":{"start":{"line":14,"column":38},"end":{"line":14,"column":null}},"7":{"start":{"line":15,"column":30},"end":{"line":15,"column":null}},"8":{"start":{"line":16,"column":42},"end":{"line":16,"column":null}},"9":{"start":{"line":17,"column":32},"end":{"line":17,"column":null}},"10":{"start":{"line":18,"column":26},"end":{"line":18,"column":null}},"11":{"start":{"line":20,"column":26},"end":{"line":27,"column":null}},"12":{"start":{"line":21,"column":8},"end":{"line":26,"column":null}},"13":{"start":{"line":22,"column":24},"end":{"line":22,"column":null}},"14":{"start":{"line":23,"column":12},"end":{"line":23,"column":null}},"15":{"start":{"line":25,"column":12},"end":{"line":25,"column":null}},"16":{"start":{"line":29,"column":24},"end":{"line":37,"column":null}},"17":{"start":{"line":30,"column":8},"end":{"line":30,"column":null}},"18":{"start":{"line":30,"column":24},"end":{"line":30,"column":null}},"19":{"start":{"line":31,"column":8},"end":{"line":36,"column":null}},"20":{"start":{"line":32,"column":24},"end":{"line":32,"column":null}},"21":{"start":{"line":33,"column":12},"end":{"line":33,"column":null}},"22":{"start":{"line":35,"column":12},"end":{"line":35,"column":null}},"23":{"start":{"line":39,"column":23},"end":{"line":46,"column":null}},"24":{"start":{"line":40,"column":8},"end":{"line":45,"column":null}},"25":{"start":{"line":41,"column":24},"end":{"line":41,"column":null}},"26":{"start":{"line":42,"column":12},"end":{"line":42,"column":null}},"27":{"start":{"line":44,"column":12},"end":{"line":44,"column":null}},"28":{"start":{"line":48,"column":25},"end":{"line":73,"column":null}},"29":{"start":{"line":49,"column":8},"end":{"line":72,"column":null}},"30":{"start":{"line":50,"column":38},"end":{"line":53,"column":null}},"31":{"start":{"line":54,"column":12},"end":{"line":54,"column":null}},"32":{"start":{"line":56,"column":34},"end":{"line":63,"column":null}},"33":{"start":{"line":64,"column":12},"end":{"line":64,"column":null}},"34":{"start":{"line":66,"column":12},"end":{"line":66,"column":null}},"35":{"start":{"line":67,"column":12},"end":{"line":67,"column":null}},"36":{"start":{"line":68,"column":12},"end":{"line":68,"column":null}},"37":{"start":{"line":70,"column":12},"end":{"line":70,"column":null}},"38":{"start":{"line":71,"column":12},"end":{"line":71,"column":null}},"39":{"start":{"line":75,"column":4},"end":{"line":78,"column":null}},"40":{"start":{"line":76,"column":8},"end":{"line":76,"column":null}},"41":{"start":{"line":77,"column":8},"end":{"line":77,"column":null}},"42":{"start":{"line":80,"column":4},"end":{"line":82,"column":null}},"43":{"start":{"line":81,"column":8},"end":{"line":81,"column":null}},"44":{"start":{"line":84,"column":4},"end":{"line":95,"column":null}},"45":{"start":{"line":85,"column":8},"end":{"line":94,"column":null}},"46":{"start":{"line":86,"column":12},"end":{"line":86,"column":null}},"47":{"start":{"line":87,"column":12},"end":{"line":87,"column":null}},"48":{"start":{"line":88,"column":12},"end":{"line":88,"column":null}},"49":{"start":{"line":89,"column":12},"end":{"line":89,"column":null}},"50":{"start":{"line":90,"column":12},"end":{"line":90,"column":null}},"51":{"start":{"line":91,"column":12},"end":{"line":91,"column":null}},"52":{"start":{"line":91,"column":67},"end":{"line":91,"column":87}},"53":{"start":{"line":92,"column":12},"end":{"line":92,"column":null}},"54":{"start":{"line":93,"column":12},"end":{"line":93,"column":null}},"55":{"start":{"line":97,"column":4},"end":{"line":208,"column":null}},"56":{"start":{"line":108,"column":41},"end":{"line":108,"column":null}},"57":{"start":{"line":117,"column":41},"end":{"line":117,"column":null}},"58":{"start":{"line":133,"column":41},"end":{"line":133,"column":null}},"59":{"start":{"line":142,"column":41},"end":{"line":142,"column":null}},"60":{"start":{"line":146,"column":28},"end":{"line":148,"column":null}},"61":{"start":{"line":158,"column":41},"end":{"line":158,"column":null}},"62":{"start":{"line":162,"column":28},"end":{"line":164,"column":null}},"63":{"start":{"line":172,"column":28},"end":{"line":193,"column":null}},"64":{"start":{"line":185,"column":40},"end":{"line":189,"column":null}},"65":{"start":{"line":186,"column":44},"end":{"line":186,"column":null}},"66":{"start":{"line":186,"column":88},"end":{"line":186,"column":110}},"67":{"start":{"line":188,"column":44},"end":{"line":188,"column":null}},"68":{"start":{"line":204,"column":41},"end":{"line":204,"column":null}}},"fnMap":{"0":{"name":"AlertModal","decl":{"start":{"line":6,"column":9},"end":{"line":6,"column":20}},"loc":{"start":{"line":6,"column":60},"end":{"line":210,"column":null}},"line":6},"1":{"name":"(anonymous_1)","decl":{"start":{"line":20,"column":26},"end":{"line":20,"column":38}},"loc":{"start":{"line":20,"column":38},"end":{"line":27,"column":null}},"line":20},"2":{"name":"(anonymous_2)","decl":{"start":{"line":29,"column":24},"end":{"line":29,"column":36}},"loc":{"start":{"line":29,"column":36},"end":{"line":37,"column":null}},"line":29},"3":{"name":"(anonymous_3)","decl":{"start":{"line":39,"column":23},"end":{"line":39,"column":35}},"loc":{"start":{"line":39,"column":35},"end":{"line":46,"column":null}},"line":39},"4":{"name":"(anonymous_4)","decl":{"start":{"line":48,"column":25},"end":{"line":48,"column":37}},"loc":{"start":{"line":48,"column":37},"end":{"line":73,"column":null}},"line":48},"5":{"name":"(anonymous_5)","decl":{"start":{"line":75,"column":14},"end":{"line":75,"column":20}},"loc":{"start":{"line":75,"column":20},"end":{"line":78,"column":7}},"line":75},"6":{"name":"(anonymous_6)","decl":{"start":{"line":80,"column":14},"end":{"line":80,"column":20}},"loc":{"start":{"line":80,"column":20},"end":{"line":82,"column":7}},"line":80},"7":{"name":"(anonymous_7)","decl":{"start":{"line":84,"column":14},"end":{"line":84,"column":20}},"loc":{"start":{"line":84,"column":20},"end":{"line":95,"column":7}},"line":84},"8":{"name":"(anonymous_8)","decl":{"start":{"line":91,"column":62},"end":{"line":91,"column":67}},"loc":{"start":{"line":91,"column":67},"end":{"line":91,"column":87}},"line":91},"9":{"name":"(anonymous_9)","decl":{"start":{"line":108,"column":34},"end":{"line":108,"column":35}},"loc":{"start":{"line":108,"column":41},"end":{"line":108,"column":null}},"line":108},"10":{"name":"(anonymous_10)","decl":{"start":{"line":117,"column":34},"end":{"line":117,"column":35}},"loc":{"start":{"line":117,"column":41},"end":{"line":117,"column":null}},"line":117},"11":{"name":"(anonymous_11)","decl":{"start":{"line":133,"column":34},"end":{"line":133,"column":35}},"loc":{"start":{"line":133,"column":41},"end":{"line":133,"column":null}},"line":133},"12":{"name":"(anonymous_12)","decl":{"start":{"line":142,"column":34},"end":{"line":142,"column":35}},"loc":{"start":{"line":142,"column":41},"end":{"line":142,"column":null}},"line":142},"13":{"name":"(anonymous_13)","decl":{"start":{"line":145,"column":38},"end":{"line":145,"column":null}},"loc":{"start":{"line":146,"column":28},"end":{"line":148,"column":null}},"line":146},"14":{"name":"(anonymous_14)","decl":{"start":{"line":158,"column":34},"end":{"line":158,"column":35}},"loc":{"start":{"line":158,"column":41},"end":{"line":158,"column":null}},"line":158},"15":{"name":"(anonymous_15)","decl":{"start":{"line":161,"column":36},"end":{"line":161,"column":null}},"loc":{"start":{"line":162,"column":28},"end":{"line":164,"column":null}},"line":162},"16":{"name":"(anonymous_16)","decl":{"start":{"line":171,"column":35},"end":{"line":171,"column":null}},"loc":{"start":{"line":172,"column":28},"end":{"line":193,"column":null}},"line":172},"17":{"name":"(anonymous_17)","decl":{"start":{"line":184,"column":46},"end":{"line":184,"column":52}},"loc":{"start":{"line":184,"column":52},"end":{"line":190,"column":null}},"line":184},"18":{"name":"(anonymous_18)","decl":{"start":{"line":186,"column":82},"end":{"line":186,"column":88}},"loc":{"start":{"line":186,"column":88},"end":{"line":186,"column":110}},"line":186},"19":{"name":"(anonymous_19)","decl":{"start":{"line":204,"column":34},"end":{"line":204,"column":35}},"loc":{"start":{"line":204,"column":41},"end":{"line":204,"column":null}},"line":204}},"branchMap":{"0":{"loc":{"start":{"line":11,"column":47},"end":{"line":11,"column":77}},"type":"binary-expr","locations":[{"start":{"line":11,"column":47},"end":{"line":11,"column":75}},{"start":{"line":11,"column":75},"end":{"line":11,"column":77}}],"line":11},"1":{"loc":{"start":{"line":12,"column":39},"end":{"line":12,"column":65}},"type":"binary-expr","locations":[{"start":{"line":12,"column":39},"end":{"line":12,"column":63}},{"start":{"line":12,"column":63},"end":{"line":12,"column":65}}],"line":12},"2":{"loc":{"start":{"line":13,"column":43},"end":{"line":13,"column":68}},"type":"binary-expr","locations":[{"start":{"line":13,"column":43},"end":{"line":13,"column":66}},{"start":{"line":13,"column":66},"end":{"line":13,"column":68}}],"line":13},"3":{"loc":{"start":{"line":14,"column":51},"end":{"line":14,"column":85}},"type":"binary-expr","locations":[{"start":{"line":14,"column":51},"end":{"line":14,"column":83}},{"start":{"line":14,"column":83},"end":{"line":14,"column":85}}],"line":14},"4":{"loc":{"start":{"line":15,"column":43},"end":{"line":15,"column":80}},"type":"binary-expr","locations":[{"start":{"line":15,"column":43},"end":{"line":15,"column":78}},{"start":{"line":15,"column":78},"end":{"line":15,"column":80}}],"line":15},"5":{"loc":{"start":{"line":16,"column":55},"end":{"line":16,"column":83}},"type":"binary-expr","locations":[{"start":{"line":16,"column":55},"end":{"line":16,"column":81}},{"start":{"line":16,"column":81},"end":{"line":16,"column":83}}],"line":16},"6":{"loc":{"start":{"line":23,"column":24},"end":{"line":23,"column":43}},"type":"binary-expr","locations":[{"start":{"line":23,"column":24},"end":{"line":23,"column":41}},{"start":{"line":23,"column":41},"end":{"line":23,"column":43}}],"line":23},"7":{"loc":{"start":{"line":30,"column":8},"end":{"line":30,"column":null}},"type":"if","locations":[{"start":{"line":30,"column":8},"end":{"line":30,"column":null}},{"start":{},"end":{}}],"line":30},"8":{"loc":{"start":{"line":33,"column":22},"end":{"line":33,"column":36}},"type":"binary-expr","locations":[{"start":{"line":33,"column":22},"end":{"line":33,"column":34}},{"start":{"line":33,"column":34},"end":{"line":33,"column":36}}],"line":33},"9":{"loc":{"start":{"line":42,"column":21},"end":{"line":42,"column":44}},"type":"binary-expr","locations":[{"start":{"line":42,"column":21},"end":{"line":42,"column":42}},{"start":{"line":42,"column":42},"end":{"line":42,"column":44}}],"line":42},"10":{"loc":{"start":{"line":85,"column":8},"end":{"line":94,"column":null}},"type":"if","locations":[{"start":{"line":85,"column":8},"end":{"line":94,"column":null}},{"start":{},"end":{}}],"line":85},"11":{"loc":{"start":{"line":86,"column":25},"end":{"line":86,"column":74}},"type":"binary-expr","locations":[{"start":{"line":86,"column":25},"end":{"line":86,"column":72}},{"start":{"line":86,"column":72},"end":{"line":86,"column":74}}],"line":86},"12":{"loc":{"start":{"line":87,"column":21},"end":{"line":87,"column":46}},"type":"binary-expr","locations":[{"start":{"line":87,"column":21},"end":{"line":87,"column":44}},{"start":{"line":87,"column":44},"end":{"line":87,"column":46}}],"line":87},"13":{"loc":{"start":{"line":88,"column":23},"end":{"line":88,"column":47}},"type":"binary-expr","locations":[{"start":{"line":88,"column":23},"end":{"line":88,"column":45}},{"start":{"line":88,"column":45},"end":{"line":88,"column":47}}],"line":88},"14":{"loc":{"start":{"line":89,"column":27},"end":{"line":89,"column":60}},"type":"binary-expr","locations":[{"start":{"line":89,"column":27},"end":{"line":89,"column":58}},{"start":{"line":89,"column":58},"end":{"line":89,"column":60}}],"line":89},"15":{"loc":{"start":{"line":90,"column":23},"end":{"line":90,"column":70}},"type":"binary-expr","locations":[{"start":{"line":90,"column":23},"end":{"line":90,"column":68}},{"start":{"line":90,"column":68},"end":{"line":90,"column":70}}],"line":90},"16":{"loc":{"start":{"line":91,"column":29},"end":{"line":91,"column":94}},"type":"binary-expr","locations":[{"start":{"line":91,"column":29},"end":{"line":91,"column":92}},{"start":{"line":91,"column":92},"end":{"line":91,"column":94}}],"line":91},"17":{"loc":{"start":{"line":92,"column":24},"end":{"line":92,"column":65}},"type":"binary-expr","locations":[{"start":{"line":92,"column":24},"end":{"line":92,"column":62}},{"start":{"line":92,"column":62},"end":{"line":92,"column":65}}],"line":92},"18":{"loc":{"start":{"line":93,"column":21},"end":{"line":93,"column":58}},"type":"binary-expr","locations":[{"start":{"line":93,"column":21},"end":{"line":93,"column":56}},{"start":{"line":93,"column":56},"end":{"line":93,"column":58}}],"line":93},"19":{"loc":{"start":{"line":175,"column":36},"end":{"line":177,"column":null}},"type":"cond-expr","locations":[{"start":{"line":176,"column":38},"end":{"line":176,"column":null}},{"start":{"line":177,"column":38},"end":{"line":177,"column":null}}],"line":175},"20":{"loc":{"start":{"line":185,"column":40},"end":{"line":189,"column":null}},"type":"if","locations":[{"start":{"line":185,"column":40},"end":{"line":189,"column":null}},{"start":{"line":187,"column":47},"end":{"line":189,"column":null}}],"line":185}},"s":{"0":0,"1":0,"2":0,"3":0,"4":0,"5":0,"6":0,"7":0,"8":0,"9":0,"10":0,"11":0,"12":0,"13":0,"14":0,"15":0,"16":0,"17":0,"18":0,"19":0,"20":0,"21":0,"22":0,"23":0,"24":0,"25":0,"26":0,"27":0,"28":0,"29":0,"30":0,"31":0,"32":0,"33":0,"34":0,"35":0,"36":0,"37":0,"38":0,"39":0,"40":0,"41":0,"42":0,"43":0,"44":0,"45":0,"46":0,"47":0,"48":0,"49":0,"50":0,"51":0,"52":0,"53":0,"54":0,"55":0,"56":0,"57":0,"58":0,"59":0,"60":0,"61":0,"62":0,"63":0,"64":0,"65":0,"66":0,"67":0,"68":0},"f":{"0":0,"1":0,"2":0,"3":0,"4":0,"5":0,"6":0,"7":0,"8":0,"9":0,"10":0,"11":0,"12":0,"13":0,"14":0,"15":0,"16":0,"17":0,"18":0,"19":0},"b":{"0":[0,0],"1":[0,0],"2":[0,0],"3":[0,0],"4":[0,0],"5":[0,0],"6":[0,0],"7":[0,0],"8":[0,0],"9":[0,0],"10":[0,0],"11":[0,0],"12":[0,0],"13":[0,0],"14":[0,0],"15":[0,0],"16":[0,0],"17":[0,0],"18":[0,0],"19":[0,0],"20":[0,0]},"meta":{"lastBranch":21,"lastFunction":20,"lastStatement":69,"seen":{"f:6:9:6:20":0,"s:7:32:7:Infinity":0,"s:8:28:8:Infinity":1,"s:9:26:9:Infinity":2,"s:11:34:11:Infinity":3,"b:11:47:11:75:11:75:11:77":0,"s:12:26:12:Infinity":4,"b:12:39:12:63:12:63:12:65":1,"s:13:30:13:Infinity":5,"b:13:43:13:66:13:66:13:68":2,"s:14:38:14:Infinity":6,"b:14:51:14:83:14:83:14:85":3,"s:15:30:15:Infinity":7,"b:15:43:15:78:15:78:15:80":4,"s:16:42:16:Infinity":8,"b:16:55:16:81:16:81:16:83":5,"s:17:32:17:Infinity":9,"s:18:26:18:Infinity":10,"s:20:26:27:Infinity":11,"f:20:26:20:38":1,"s:21:8:26:Infinity":12,"s:22:24:22:Infinity":13,"s:23:12:23:Infinity":14,"b:23:24:23:41:23:41:23:43":6,"s:25:12:25:Infinity":15,"s:29:24:37:Infinity":16,"f:29:24:29:36":2,"b:30:8:30:Infinity:undefined:undefined:undefined:undefined":7,"s:30:8:30:Infinity":17,"s:30:24:30:Infinity":18,"s:31:8:36:Infinity":19,"s:32:24:32:Infinity":20,"s:33:12:33:Infinity":21,"b:33:22:33:34:33:34:33:36":8,"s:35:12:35:Infinity":22,"s:39:23:46:Infinity":23,"f:39:23:39:35":3,"s:40:8:45:Infinity":24,"s:41:24:41:Infinity":25,"s:42:12:42:Infinity":26,"b:42:21:42:42:42:42:42:44":9,"s:44:12:44:Infinity":27,"s:48:25:73:Infinity":28,"f:48:25:48:37":4,"s:49:8:72:Infinity":29,"s:50:38:53:Infinity":30,"s:54:12:54:Infinity":31,"s:56:34:63:Infinity":32,"s:64:12:64:Infinity":33,"s:66:12:66:Infinity":34,"s:67:12:67:Infinity":35,"s:68:12:68:Infinity":36,"s:70:12:70:Infinity":37,"s:71:12:71:Infinity":38,"s:75:4:78:Infinity":39,"f:75:14:75:20":5,"s:76:8:76:Infinity":40,"s:77:8:77:Infinity":41,"s:80:4:82:Infinity":42,"f:80:14:80:20":6,"s:81:8:81:Infinity":43,"s:84:4:95:Infinity":44,"f:84:14:84:20":7,"b:85:8:94:Infinity:undefined:undefined:undefined:undefined":10,"s:85:8:94:Infinity":45,"s:86:12:86:Infinity":46,"b:86:25:86:72:86:72:86:74":11,"s:87:12:87:Infinity":47,"b:87:21:87:44:87:44:87:46":12,"s:88:12:88:Infinity":48,"b:88:23:88:45:88:45:88:47":13,"s:89:12:89:Infinity":49,"b:89:27:89:58:89:58:89:60":14,"s:90:12:90:Infinity":50,"b:90:23:90:68:90:68:90:70":15,"s:91:12:91:Infinity":51,"b:91:29:91:92:91:92:91:94":16,"f:91:62:91:67":8,"s:91:67:91:87":52,"s:92:12:92:Infinity":53,"b:92:24:92:62:92:62:92:65":17,"s:93:12:93:Infinity":54,"b:93:21:93:56:93:56:93:58":18,"s:97:4:208:Infinity":55,"f:108:34:108:35":9,"s:108:41:108:Infinity":56,"f:117:34:117:35":10,"s:117:41:117:Infinity":57,"f:133:34:133:35":11,"s:133:41:133:Infinity":58,"f:142:34:142:35":12,"s:142:41:142:Infinity":59,"f:145:38:145:Infinity":13,"s:146:28:148:Infinity":60,"f:158:34:158:35":14,"s:158:41:158:Infinity":61,"f:161:36:161:Infinity":15,"s:162:28:164:Infinity":62,"f:171:35:171:Infinity":16,"s:172:28:193:Infinity":63,"b:176:38:176:Infinity:177:38:177:Infinity":19,"f:184:46:184:52":17,"b:185:40:189:Infinity:187:47:189:Infinity":20,"s:185:40:189:Infinity":64,"s:186:44:186:Infinity":65,"f:186:82:186:88":18,"s:186:88:186:110":66,"s:188:44:188:Infinity":67,"f:204:34:204:35":19,"s:204:41:204:Infinity":68}}}
,"C:\\Users\\Biel_\\nimbus-front\\src\\components\\AlertsTable.jsx": {"path":"C:\\Users\\Biel_\\nimbus-front\\src\\components\\AlertsTable.jsx","statementMap":{"0":{"start":{"line":4,"column":4},"end":{"line":6,"column":null}},"1":{"start":{"line":5,"column":8},"end":{"line":5,"column":null}},"2":{"start":{"line":8,"column":4},"end":{"line":14,"column":null}}},"fnMap":{"0":{"name":"AlertsTable","decl":{"start":{"line":3,"column":9},"end":{"line":3,"column":21}},"loc":{"start":{"line":3,"column":44},"end":{"line":16,"column":null}},"line":3}},"branchMap":{"0":{"loc":{"start":{"line":4,"column":4},"end":{"line":6,"column":null}},"type":"if","locations":[{"start":{"line":4,"column":4},"end":{"line":6,"column":null}},{"start":{},"end":{}}],"line":4},"1":{"loc":{"start":{"line":4,"column":8},"end":{"line":4,"column":40}},"type":"binary-expr","locations":[{"start":{"line":4,"column":8},"end":{"line":4,"column":19}},{"start":{"line":4,"column":19},"end":{"line":4,"column":40}}],"line":4}},"s":{"0":0,"1":0,"2":0},"f":{"0":0},"b":{"0":[0,0],"1":[0,0]},"meta":{"lastBranch":2,"lastFunction":1,"lastStatement":3,"seen":{"f:3:9:3:21":0,"b:4:4:6:Infinity:undefined:undefined:undefined:undefined":0,"s:4:4:6:Infinity":0,"b:4:8:4:19:4:19:4:40":1,"s:5:8:5:Infinity":1,"s:8:4:14:Infinity":2}}}
,"C:\\Users\\Biel_\\nimbus-front\\src\\components\\Calendar.jsx": {"path":"C:\\Users\\Biel_\\nimbus-front\\src\\components\\Calendar.jsx","statementMap":{"0":{"start":{"line":5,"column":18},"end":{"line":5,"column":null}},"1":{"start":{"line":6,"column":25},"end":{"line":6,"column":null}},"2":{"start":{"line":7,"column":24},"end":{"line":7,"column":null}},"3":{"start":{"line":9,"column":23},"end":{"line":12,"column":null}},"4":{"start":{"line":14,"column":21},"end":{"line":14,"column":null}},"5":{"start":{"line":16,"column":24},"end":{"line":16,"column":null}},"6":{"start":{"line":18,"column":22},"end":{"line":18,"column":null}},"7":{"start":{"line":20,"column":4},"end":{"line":22,"column":null}},"8":{"start":{"line":20,"column":17},"end":{"line":20,"column":20}},"9":{"start":{"line":21,"column":8},"end":{"line":21,"column":null}},"10":{"start":{"line":24,"column":4},"end":{"line":26,"column":null}},"11":{"start":{"line":24,"column":19},"end":{"line":24,"column":22}},"12":{"start":{"line":25,"column":8},"end":{"line":25,"column":null}},"13":{"start":{"line":28,"column":18},"end":{"line":28,"column":null}},"14":{"start":{"line":29,"column":4},"end":{"line":31,"column":null}},"15":{"start":{"line":29,"column":17},"end":{"line":29,"column":20}},"16":{"start":{"line":30,"column":8},"end":{"line":30,"column":null}},"17":{"start":{"line":33,"column":4},"end":{"line":79,"column":null}},"18":{"start":{"line":61,"column":20},"end":{"line":76,"column":null}},"19":{"start":{"line":63,"column":28},"end":{"line":74,"column":null}}},"fnMap":{"0":{"name":"Calendar","decl":{"start":{"line":4,"column":9},"end":{"line":4,"column":20}},"loc":{"start":{"line":4,"column":20},"end":{"line":81,"column":null}},"line":4},"1":{"name":"(anonymous_1)","decl":{"start":{"line":60,"column":27},"end":{"line":60,"column":28}},"loc":{"start":{"line":61,"column":20},"end":{"line":76,"column":null}},"line":61},"2":{"name":"(anonymous_2)","decl":{"start":{"line":62,"column":34},"end":{"line":62,"column":35}},"loc":{"start":{"line":63,"column":28},"end":{"line":74,"column":null}},"line":63}},"branchMap":{"0":{"loc":{"start":{"line":67,"column":33},"end":{"line":67,"column":null}},"type":"binary-expr","locations":[{"start":{"line":67,"column":33},"end":{"line":67,"column":40}},{"start":{"line":67,"column":40},"end":{"line":67,"column":null}}],"line":67},"1":{"loc":{"start":{"line":69,"column":36},"end":{"line":72,"column":null}},"type":"binary-expr","locations":[{"start":{"line":69,"column":36},"end":{"line":69,"column":null}},{"start":{"line":70,"column":36},"end":{"line":72,"column":null}}],"line":69}},"s":{"0":0,"1":0,"2":0,"3":0,"4":0,"5":0,"6":0,"7":0,"8":0,"9":0,"10":0,"11":0,"12":0,"13":0,"14":0,"15":0,"16":0,"17":0,"18":0,"19":0},"f":{"0":0,"1":0,"2":0},"b":{"0":[0,0],"1":[0,0]},"meta":{"lastBranch":2,"lastFunction":3,"lastStatement":20,"seen":{"f:4:9:4:20":0,"s:5:18:5:Infinity":0,"s:6:25:6:Infinity":1,"s:7:24:7:Infinity":2,"s:9:23:12:Infinity":3,"s:14:21:14:Infinity":4,"s:16:24:16:Infinity":5,"s:18:22:18:Infinity":6,"s:20:4:22:Infinity":7,"s:20:17:20:20":8,"s:21:8:21:Infinity":9,"s:24:4:26:Infinity":10,"s:24:19:24:22":11,"s:25:8:25:Infinity":12,"s:28:18:28:Infinity":13,"s:29:4:31:Infinity":14,"s:29:17:29:20":15,"s:30:8:30:Infinity":16,"s:33:4:79:Infinity":17,"f:60:27:60:28":1,"s:61:20:76:Infinity":18,"f:62:34:62:35":2,"s:63:28:74:Infinity":19,"b:67:33:67:40:67:40:67:Infinity":0,"b:69:36:69:Infinity:70:36:72:Infinity":1}}}
,"C:\\Users\\Biel_\\nimbus-front\\src\\components\\Card.jsx": {"path":"C:\\Users\\Biel_\\nimbus-front\\src\\components\\Card.jsx","statementMap":{"0":{"start":{"line":4,"column":4},"end":{"line":13,"column":null}}},"fnMap":{"0":{"name":"Card","decl":{"start":{"line":3,"column":9},"end":{"line":3,"column":14}},"loc":{"start":{"line":3,"column":35},"end":{"line":15,"column":null}},"line":3}},"branchMap":{},"s":{"0":8},"f":{"0":8},"b":{},"meta":{"lastBranch":0,"lastFunction":1,"lastStatement":1,"seen":{"f:3:9:3:14":0,"s:4:4:13:Infinity":0}}}
,"C:\\Users\\Biel_\\nimbus-front\\src\\components\\DashboardCard.jsx": {"path":"C:\\Users\\Biel_\\nimbus-front\\src\\components\\DashboardCard.jsx","statementMap":{"0":{"start":{"line":4,"column":4},"end":{"line":18,"column":null}}},"fnMap":{"0":{"name":"DashboardCard","decl":{"start":{"line":3,"column":9},"end":{"line":3,"column":23}},"loc":{"start":{"line":3,"column":89},"end":{"line":20,"column":null}},"line":3}},"branchMap":{"0":{"loc":{"start":{"line":8,"column":78},"end":{"line":8,"column":166}},"type":"cond-expr","locations":[{"start":{"line":8,"column":88},"end":{"line":8,"column":162}},{"start":{"line":8,"column":162},"end":{"line":8,"column":166}}],"line":8},"1":{"loc":{"start":{"line":11,"column":52},"end":{"line":11,"column":92}},"type":"cond-expr","locations":[{"start":{"line":11,"column":70},"end":{"line":11,"column":88}},{"start":{"line":11,"column":88},"end":{"line":11,"column":92}}],"line":11}},"s":{"0":6},"f":{"0":6},"b":{"0":[4,2],"1":[2,4]},"meta":{"lastBranch":2,"lastFunction":1,"lastStatement":1,"seen":{"f:3:9:3:23":0,"s:4:4:18:Infinity":0,"b:8:88:8:162:8:162:8:166":0,"b:11:70:11:88:11:88:11:92":1}}}
,"C:\\Users\\Biel_\\nimbus-front\\src\\components\\Filter.jsx": {"path":"C:\\Users\\Biel_\\nimbus-front\\src\\components\\Filter.jsx","statementMap":{"0":{"start":{"line":3,"column":4},"end":{"line":16,"column":null}}},"fnMap":{"0":{"name":"Filter","decl":{"start":{"line":2,"column":9},"end":{"line":2,"column":18}},"loc":{"start":{"line":2,"column":18},"end":{"line":18,"column":null}},"line":2}},"branchMap":{},"s":{"0":2},"f":{"0":2},"b":{},"meta":{"lastBranch":0,"lastFunction":1,"lastStatement":1,"seen":{"f:2:9:2:18":0,"s:3:4:16:Infinity":0}}}
,"C:\\Users\\Biel_\\nimbus-front\\src\\components\\HamburguerMenu.jsx": {"path":"C:\\Users\\Biel_\\nimbus-front\\src\\components\\HamburguerMenu.jsx","statementMap":{"0":{"start":{"line":7,"column":28},"end":{"line":7,"column":null}},"1":{"start":{"line":9,"column":4},"end":{"line":41,"column":null}},"2":{"start":{"line":11,"column":35},"end":{"line":11,"column":52}},"3":{"start":{"line":24,"column":47},"end":{"line":24,"column":65}},"4":{"start":{"line":29,"column":65},"end":{"line":29,"column":83}},"5":{"start":{"line":30,"column":74},"end":{"line":30,"column":92}},"6":{"start":{"line":31,"column":72},"end":{"line":31,"column":90}},"7":{"start":{"line":32,"column":70},"end":{"line":32,"column":88}},"8":{"start":{"line":33,"column":71},"end":{"line":33,"column":89}},"9":{"start":{"line":34,"column":73},"end":{"line":34,"column":91}},"10":{"start":{"line":35,"column":74},"end":{"line":35,"column":92}}},"fnMap":{"0":{"name":"HamburgerMenu","decl":{"start":{"line":6,"column":9},"end":{"line":6,"column":25}},"loc":{"start":{"line":6,"column":25},"end":{"line":43,"column":null}},"line":6},"1":{"name":"(anonymous_1)","decl":{"start":{"line":11,"column":29},"end":{"line":11,"column":35}},"loc":{"start":{"line":11,"column":35},"end":{"line":11,"column":52}},"line":11},"2":{"name":"(anonymous_2)","decl":{"start":{"line":24,"column":41},"end":{"line":24,"column":47}},"loc":{"start":{"line":24,"column":47},"end":{"line":24,"column":65}},"line":24},"3":{"name":"(anonymous_3)","decl":{"start":{"line":29,"column":59},"end":{"line":29,"column":65}},"loc":{"start":{"line":29,"column":65},"end":{"line":29,"column":83}},"line":29},"4":{"name":"(anonymous_4)","decl":{"start":{"line":30,"column":68},"end":{"line":30,"column":74}},"loc":{"start":{"line":30,"column":74},"end":{"line":30,"column":92}},"line":30},"5":{"name":"(anonymous_5)","decl":{"start":{"line":31,"column":66},"end":{"line":31,"column":72}},"loc":{"start":{"line":31,"column":72},"end":{"line":31,"column":90}},"line":31},"6":{"name":"(anonymous_6)","decl":{"start":{"line":32,"column":64},"end":{"line":32,"column":70}},"loc":{"start":{"line":32,"column":70},"end":{"line":32,"column":88}},"line":32},"7":{"name":"(anonymous_7)","decl":{"start":{"line":33,"column":65},"end":{"line":33,"column":71}},"loc":{"start":{"line":33,"column":71},"end":{"line":33,"column":89}},"line":33},"8":{"name":"(anonymous_8)","decl":{"start":{"line":34,"column":67},"end":{"line":34,"column":73}},"loc":{"start":{"line":34,"column":73},"end":{"line":34,"column":91}},"line":34},"9":{"name":"(anonymous_9)","decl":{"start":{"line":35,"column":68},"end":{"line":35,"column":74}},"loc":{"start":{"line":35,"column":74},"end":{"line":35,"column":92}},"line":35}},"branchMap":{"0":{"loc":{"start":{"line":16,"column":17},"end":{"line":38,"column":null}},"type":"binary-expr","locations":[{"start":{"line":16,"column":17},"end":{"line":16,"column":null}},{"start":{"line":17,"column":20},"end":{"line":38,"column":null}}],"line":16}},"s":{"0":0,"1":0,"2":0,"3":0,"4":0,"5":0,"6":0,"7":0,"8":0,"9":0,"10":0},"f":{"0":0,"1":0,"2":0,"3":0,"4":0,"5":0,"6":0,"7":0,"8":0,"9":0},"b":{"0":[0,0]},"meta":{"lastBranch":1,"lastFunction":10,"lastStatement":11,"seen":{"f:6:9:6:25":0,"s:7:28:7:Infinity":0,"s:9:4:41:Infinity":1,"f:11:29:11:35":1,"s:11:35:11:52":2,"b:16:17:16:Infinity:17:20:38:Infinity":0,"f:24:41:24:47":2,"s:24:47:24:65":3,"f:29:59:29:65":3,"s:29:65:29:83":4,"f:30:68:30:74":4,"s:30:74:30:92":5,"f:31:66:31:72":5,"s:31:72:31:90":6,"f:32:64:32:70":6,"s:32:70:32:88":7,"f:33:65:33:71":7,"s:33:71:33:89":8,"f:34:67:34:73":8,"s:34:73:34:91":9,"f:35:68:35:74":9,"s:35:74:35:92":10}}}
,"C:\\Users\\Biel_\\nimbus-front\\src\\components\\HeadlessTable.jsx": {"path":"C:\\Users\\Biel_\\nimbus-front\\src\\components\\HeadlessTable.jsx","statementMap":{"0":{"start":{"line":10,"column":67},"end":{"line":10,"column":null}},"1":{"start":{"line":12,"column":4},"end":{"line":99,"column":null}},"2":{"start":{"line":39,"column":40},"end":{"line":39,"column":null}},"3":{"start":{"line":49,"column":36},"end":{"line":90,"column":null}},"4":{"start":{"line":59,"column":63},"end":{"line":59,"column":79}},"5":{"start":{"line":61,"column":48},"end":{"line":79,"column":null}},"6":{"start":{"line":85,"column":63},"end":{"line":85,"column":null}}},"fnMap":{"0":{"name":"HeadlessTable","decl":{"start":{"line":9,"column":9},"end":{"line":9,"column":23}},"loc":{"start":{"line":9,"column":77},"end":{"line":101,"column":null}},"line":9},"1":{"name":"(anonymous_1)","decl":{"start":{"line":38,"column":53},"end":{"line":38,"column":54}},"loc":{"start":{"line":39,"column":40},"end":{"line":39,"column":null}},"line":39},"2":{"name":"(anonymous_2)","decl":{"start":{"line":48,"column":50},"end":{"line":48,"column":51}},"loc":{"start":{"line":49,"column":36},"end":{"line":90,"column":null}},"line":49},"3":{"name":"(anonymous_3)","decl":{"start":{"line":59,"column":52},"end":{"line":59,"column":53}},"loc":{"start":{"line":59,"column":63},"end":{"line":59,"column":79}},"line":59},"4":{"name":"(anonymous_4)","decl":{"start":{"line":60,"column":49},"end":{"line":60,"column":50}},"loc":{"start":{"line":61,"column":48},"end":{"line":79,"column":null}},"line":61},"5":{"name":"(anonymous_5)","decl":{"start":{"line":85,"column":57},"end":{"line":85,"column":63}},"loc":{"start":{"line":85,"column":63},"end":{"line":85,"column":null}},"line":85}},"branchMap":{"0":{"loc":{"start":{"line":25,"column":17},"end":{"line":94,"column":null}},"type":"cond-expr","locations":[{"start":{"line":26,"column":20},"end":{"line":28,"column":null}},{"start":{"line":29,"column":20},"end":{"line":94,"column":null}}],"line":25},"1":{"loc":{"start":{"line":29,"column":20},"end":{"line":94,"column":null}},"type":"cond-expr","locations":[{"start":{"line":30,"column":20},"end":{"line":32,"column":null}},{"start":{"line":34,"column":20},"end":{"line":94,"column":null}}],"line":29},"2":{"loc":{"start":{"line":62,"column":53},"end":{"line":77,"column":null}},"type":"cond-expr","locations":[{"start":{"line":63,"column":56},"end":{"line":75,"column":null}},{"start":{"line":77,"column":56},"end":{"line":77,"column":null}}],"line":62},"3":{"loc":{"start":{"line":66,"column":65},"end":{"line":70,"column":null}},"type":"binary-expr","locations":[{"start":{"line":66,"column":65},"end":{"line":66,"column":null}},{"start":{"line":67,"column":68},"end":{"line":70,"column":null}}],"line":66},"4":{"loc":{"start":{"line":67,"column":68},"end":{"line":70,"column":null}},"type":"cond-expr","locations":[{"start":{"line":68,"column":72},"end":{"line":68,"column":null}},{"start":{"line":70,"column":72},"end":{"line":70,"column":null}}],"line":67},"5":{"loc":{"start":{"line":50,"column":45},"end":{"line":50,"column":null}},"type":"binary-expr","locations":[{"start":{"line":50,"column":45},"end":{"line":50,"column":58}},{"start":{"line":50,"column":58},"end":{"line":50,"column":null}}],"line":50}},"s":{"0":2,"1":2,"2":2,"3":2,"4":8,"5":6,"6":1},"f":{"0":2,"1":2,"2":2,"3":8,"4":6,"5":1},"b":{"0":[0,2],"1":[0,2],"2":[6,0],"3":[6,2],"4":[2,0],"5":[2,0]},"meta":{"lastBranch":6,"lastFunction":6,"lastStatement":7,"seen":{"f:9:9:9:23":0,"s:10:67:10:Infinity":0,"s:12:4:99:Infinity":1,"b:26:20:28:Infinity:29:20:94:Infinity":0,"b:30:20:32:Infinity:34:20:94:Infinity":1,"f:38:53:38:54":1,"s:39:40:39:Infinity":2,"f:48:50:48:51":2,"s:49:36:90:Infinity":3,"f:59:52:59:53":3,"s:59:63:59:79":4,"f:60:49:60:50":4,"s:61:48:79:Infinity":5,"b:63:56:75:Infinity:77:56:77:Infinity":2,"b:66:65:66:Infinity:67:68:70:Infinity":3,"b:68:72:68:Infinity:70:72:70:Infinity":4,"f:85:57:85:63":5,"s:85:63:85:Infinity":6,"b:50:45:50:58:50:58:50:Infinity":5}}}
,"C:\\Users\\Biel_\\nimbus-front\\src\\components\\InfoCard.jsx": {"path":"C:\\Users\\Biel_\\nimbus-front\\src\\components\\InfoCard.jsx","statementMap":{"0":{"start":{"line":3,"column":4},"end":{"line":6,"column":null}}},"fnMap":{"0":{"name":"InfoCard","decl":{"start":{"line":2,"column":9},"end":{"line":2,"column":18}},"loc":{"start":{"line":2,"column":32},"end":{"line":8,"column":null}},"line":2}},"branchMap":{},"s":{"0":18},"f":{"0":18},"b":{},"meta":{"lastBranch":0,"lastFunction":1,"lastStatement":1,"seen":{"f:2:9:2:18":0,"s:3:4:6:Infinity":0}}}
,"C:\\Users\\Biel_\\nimbus-front\\src\\components\\LastAlerts.jsx": {"path":"C:\\Users\\Biel_\\nimbus-front\\src\\components\\LastAlerts.jsx","statementMap":{"0":{"start":{"line":4,"column":19},"end":{"line":61,"column":null}},"1":{"start":{"line":62,"column":4},"end":{"line":74,"column":null}},"2":{"start":{"line":67,"column":24},"end":{"line":70,"column":null}}},"fnMap":{"0":{"name":"LastAlerts","decl":{"start":{"line":3,"column":9},"end":{"line":3,"column":22}},"loc":{"start":{"line":3,"column":22},"end":{"line":76,"column":null}},"line":3},"1":{"name":"(anonymous_1)","decl":{"start":{"line":66,"column":31},"end":{"line":66,"column":32}},"loc":{"start":{"line":67,"column":24},"end":{"line":70,"column":null}},"line":67}},"branchMap":{},"s":{"0":0,"1":0,"2":0},"f":{"0":0,"1":0},"b":{},"meta":{"lastBranch":0,"lastFunction":2,"lastStatement":3,"seen":{"f:3:9:3:22":0,"s:4:19:61:Infinity":0,"s:62:4:74:Infinity":1,"f:66:31:66:32":1,"s:67:24:70:Infinity":2}}}
,"C:\\Users\\Biel_\\nimbus-front\\src\\components\\MeasureChart.jsx": {"path":"C:\\Users\\Biel_\\nimbus-front\\src\\components\\MeasureChart.jsx","statementMap":{"0":{"start":{"line":4,"column":2},"end":{"line":73,"column":null}}},"fnMap":{"0":{"name":"MeasureChart","decl":{"start":{"line":3,"column":24},"end":{"line":3,"column":37}},"loc":{"start":{"line":3,"column":47},"end":{"line":75,"column":null}},"line":3}},"branchMap":{},"s":{"0":0},"f":{"0":0},"b":{},"meta":{"lastBranch":0,"lastFunction":1,"lastStatement":1,"seen":{"f:3:24:3:37":0,"s:4:2:73:Infinity":0}}}
,"C:\\Users\\Biel_\\nimbus-front\\src\\components\\Modal.jsx": {"path":"C:\\Users\\Biel_\\nimbus-front\\src\\components\\Modal.jsx","statementMap":{"0":{"start":{"line":7,"column":30},"end":{"line":11,"column":null}},"1":{"start":{"line":14,"column":27},"end":{"line":26,"column":null}},"2":{"start":{"line":28,"column":4},"end":{"line":71,"column":null}},"3":{"start":{"line":40,"column":34},"end":{"line":40,"column":null}}},"fnMap":{"0":{"name":"Modal","decl":{"start":{"line":5,"column":9},"end":{"line":5,"column":15}},"loc":{"start":{"line":5,"column":92},"end":{"line":73,"column":null}},"line":5},"1":{"name":"(anonymous_1)","decl":{"start":{"line":40,"column":29},"end":{"line":40,"column":34}},"loc":{"start":{"line":40,"column":34},"end":{"line":40,"column":null}},"line":40}},"branchMap":{"0":{"loc":{"start":{"line":5,"column":36},"end":{"line":5,"column":55}},"type":"default-arg","locations":[{"start":{"line":5,"column":48},"end":{"line":5,"column":55}}],"line":5},"1":{"loc":{"start":{"line":5,"column":63},"end":{"line":5,"column":80}},"type":"default-arg","locations":[{"start":{"line":5,"column":73},"end":{"line":5,"column":80}}],"line":5},"2":{"loc":{"start":{"line":51,"column":24},"end":{"line":67,"column":null}},"type":"binary-expr","locations":[{"start":{"line":51,"column":24},"end":{"line":51,"column":null}},{"start":{"line":52,"column":24},"end":{"line":67,"column":null}}],"line":51},"3":{"loc":{"start":{"line":52,"column":55},"end":{"line":52,"column":100}},"type":"cond-expr","locations":[{"start":{"line":52,"column":67},"end":{"line":52,"column":87}},{"start":{"line":52,"column":87},"end":{"line":52,"column":100}}],"line":52},"4":{"loc":{"start":{"line":54,"column":32},"end":{"line":57,"column":null}},"type":"binary-expr","locations":[{"start":{"line":54,"column":32},"end":{"line":54,"column":null}},{"start":{"line":55,"column":32},"end":{"line":57,"column":null}}],"line":54}},"s":{"0":0,"1":0,"2":0,"3":0},"f":{"0":0,"1":0},"b":{"0":[0],"1":[0],"2":[0,0],"3":[0,0],"4":[0,0]},"meta":{"lastBranch":5,"lastFunction":2,"lastStatement":4,"seen":{"f:5:9:5:15":0,"b:5:48:5:55":0,"b:5:73:5:80":1,"s:7:30:11:Infinity":0,"s:14:27:26:Infinity":1,"s:28:4:71:Infinity":2,"f:40:29:40:34":1,"s:40:34:40:Infinity":3,"b:51:24:51:Infinity:52:24:67:Infinity":2,"b:52:67:52:87:52:87:52:100":3,"b:54:32:54:Infinity:55:32:57:Infinity":4}}}
,"C:\\Users\\Biel_\\nimbus-front\\src\\components\\Paginator.jsx": {"path":"C:\\Users\\Biel_\\nimbus-front\\src\\components\\Paginator.jsx","statementMap":{"0":{"start":{"line":5,"column":4},"end":{"line":21,"column":null}}},"fnMap":{"0":{"name":"Paginator","decl":{"start":{"line":4,"column":9},"end":{"line":4,"column":19}},"loc":{"start":{"line":4,"column":49},"end":{"line":23,"column":null}},"line":4}},"branchMap":{},"s":{"0":2},"f":{"0":2},"b":{},"meta":{"lastBranch":0,"lastFunction":1,"lastStatement":1,"seen":{"f:4:9:4:19":0,"s:5:4:21:Infinity":0}}}
,"C:\\Users\\Biel_\\nimbus-front\\src\\components\\ParamModal.jsx": {"path":"C:\\Users\\Biel_\\nimbus-front\\src\\components\\ParamModal.jsx","statementMap":{"0":{"start":{"line":7,"column":24},"end":{"line":7,"column":null}},"1":{"start":{"line":8,"column":24},"end":{"line":8,"column":null}},"2":{"start":{"line":9,"column":26},"end":{"line":9,"column":null}},"3":{"start":{"line":10,"column":28},"end":{"line":10,"column":null}},"4":{"start":{"line":11,"column":34},"end":{"line":11,"column":null}},"5":{"start":{"line":12,"column":32},"end":{"line":12,"column":null}},"6":{"start":{"line":14,"column":25},"end":{"line":50,"column":null}},"7":{"start":{"line":16,"column":8},"end":{"line":22,"column":null}},"8":{"start":{"line":17,"column":12},"end":{"line":17,"column":null}},"9":{"start":{"line":20,"column":12},"end":{"line":20,"column":null}},"10":{"start":{"line":21,"column":12},"end":{"line":21,"column":null}},"11":{"start":{"line":24,"column":24},"end":{"line":31,"column":null}},"12":{"start":{"line":33,"column":8},"end":{"line":49,"column":null}},"13":{"start":{"line":35,"column":12},"end":{"line":41,"column":null}},"14":{"start":{"line":36,"column":16},"end":{"line":36,"column":null}},"15":{"start":{"line":37,"column":16},"end":{"line":37,"column":null}},"16":{"start":{"line":39,"column":16},"end":{"line":39,"column":null}},"17":{"start":{"line":40,"column":16},"end":{"line":40,"column":null}},"18":{"start":{"line":43,"column":12},"end":{"line":43,"column":null}},"19":{"start":{"line":44,"column":12},"end":{"line":44,"column":null}},"20":{"start":{"line":45,"column":12},"end":{"line":45,"column":null}},"21":{"start":{"line":47,"column":12},"end":{"line":47,"column":null}},"22":{"start":{"line":48,"column":12},"end":{"line":48,"column":null}},"23":{"start":{"line":52,"column":25},"end":{"line":65,"column":null}},"24":{"start":{"line":53,"column":30},"end":{"line":53,"column":null}},"25":{"start":{"line":54,"column":8},"end":{"line":54,"column":null}},"26":{"start":{"line":54,"column":28},"end":{"line":54,"column":null}},"27":{"start":{"line":56,"column":8},"end":{"line":64,"column":null}},"28":{"start":{"line":57,"column":12},"end":{"line":57,"column":null}},"29":{"start":{"line":58,"column":12},"end":{"line":58,"column":null}},"30":{"start":{"line":59,"column":12},"end":{"line":59,"column":null}},"31":{"start":{"line":60,"column":12},"end":{"line":60,"column":null}},"32":{"start":{"line":62,"column":12},"end":{"line":62,"column":null}},"33":{"start":{"line":63,"column":12},"end":{"line":63,"column":null}},"34":{"start":{"line":67,"column":4},"end":{"line":144,"column":null}},"35":{"start":{"line":81,"column":49},"end":{"line":81,"column":null}},"36":{"start":{"line":90,"column":49},"end":{"line":90,"column":null}},"37":{"start":{"line":99,"column":49},"end":{"line":99,"column":null}},"38":{"start":{"line":108,"column":49},"end":{"line":108,"column":null}},"39":{"start":{"line":117,"column":49},"end":{"line":117,"column":null}},"40":{"start":{"line":125,"column":49},"end":{"line":125,"column":null}}},"fnMap":{"0":{"name":"ParamModal","decl":{"start":{"line":6,"column":9},"end":{"line":6,"column":20}},"loc":{"start":{"line":6,"column":60},"end":{"line":146,"column":null}},"line":6},"1":{"name":"(anonymous_1)","decl":{"start":{"line":14,"column":25},"end":{"line":14,"column":37}},"loc":{"start":{"line":14,"column":37},"end":{"line":50,"column":null}},"line":14},"2":{"name":"(anonymous_2)","decl":{"start":{"line":52,"column":25},"end":{"line":52,"column":37}},"loc":{"start":{"line":52,"column":37},"end":{"line":65,"column":null}},"line":52},"3":{"name":"(anonymous_3)","decl":{"start":{"line":81,"column":42},"end":{"line":81,"column":43}},"loc":{"start":{"line":81,"column":49},"end":{"line":81,"column":null}},"line":81},"4":{"name":"(anonymous_4)","decl":{"start":{"line":90,"column":42},"end":{"line":90,"column":43}},"loc":{"start":{"line":90,"column":49},"end":{"line":90,"column":null}},"line":90},"5":{"name":"(anonymous_5)","decl":{"start":{"line":99,"column":42},"end":{"line":99,"column":43}},"loc":{"start":{"line":99,"column":49},"end":{"line":99,"column":null}},"line":99},"6":{"name":"(anonymous_6)","decl":{"start":{"line":108,"column":42},"end":{"line":108,"column":43}},"loc":{"start":{"line":108,"column":49},"end":{"line":108,"column":null}},"line":108},"7":{"name":"(anonymous_7)","decl":{"start":{"line":117,"column":42},"end":{"line":117,"column":43}},"loc":{"start":{"line":117,"column":49},"end":{"line":117,"column":null}},"line":117},"8":{"name":"(anonymous_8)","decl":{"start":{"line":125,"column":42},"end":{"line":125,"column":43}},"loc":{"start":{"line":125,"column":49},"end":{"line":125,"column":null}},"line":125}},"branchMap":{"0":{"loc":{"start":{"line":7,"column":37},"end":{"line":7,"column":61}},"type":"binary-expr","locations":[{"start":{"line":7,"column":37},"end":{"line":7,"column":59}},{"start":{"line":7,"column":59},"end":{"line":7,"column":61}}],"line":7},"1":{"loc":{"start":{"line":8,"column":37},"end":{"line":8,"column":64}},"type":"binary-expr","locations":[{"start":{"line":8,"column":37},"end":{"line":8,"column":62}},{"start":{"line":8,"column":62},"end":{"line":8,"column":64}}],"line":8},"2":{"loc":{"start":{"line":9,"column":39},"end":{"line":9,"column":64}},"type":"binary-expr","locations":[{"start":{"line":9,"column":39},"end":{"line":9,"column":62}},{"start":{"line":9,"column":62},"end":{"line":9,"column":64}}],"line":9},"3":{"loc":{"start":{"line":10,"column":41},"end":{"line":10,"column":67}},"type":"binary-expr","locations":[{"start":{"line":10,"column":41},"end":{"line":10,"column":65}},{"start":{"line":10,"column":65},"end":{"line":10,"column":67}}],"line":10},"4":{"loc":{"start":{"line":11,"column":47},"end":{"line":11,"column":76}},"type":"binary-expr","locations":[{"start":{"line":11,"column":47},"end":{"line":11,"column":74}},{"start":{"line":11,"column":74},"end":{"line":11,"column":76}}],"line":11},"5":{"loc":{"start":{"line":12,"column":45},"end":{"line":12,"column":113}},"type":"cond-expr","locations":[{"start":{"line":12,"column":66},"end":{"line":12,"column":111}},{"start":{"line":12,"column":111},"end":{"line":12,"column":113}}],"line":12},"6":{"loc":{"start":{"line":35,"column":12},"end":{"line":41,"column":null}},"type":"if","locations":[{"start":{"line":35,"column":12},"end":{"line":41,"column":null}},{"start":{"line":38,"column":19},"end":{"line":41,"column":null}}],"line":35},"7":{"loc":{"start":{"line":54,"column":8},"end":{"line":54,"column":null}},"type":"if","locations":[{"start":{"line":54,"column":8},"end":{"line":54,"column":null}},{"start":{},"end":{}}],"line":54},"8":{"loc":{"start":{"line":68,"column":88},"end":{"line":68,"column":117}},"type":"cond-expr","locations":[{"start":{"line":68,"column":103},"end":{"line":68,"column":110}},{"start":{"line":68,"column":110},"end":{"line":68,"column":117}}],"line":68}},"s":{"0":0,"1":0,"2":0,"3":0,"4":0,"5":0,"6":0,"7":0,"8":0,"9":0,"10":0,"11":0,"12":0,"13":0,"14":0,"15":0,"16":0,"17":0,"18":0,"19":0,"20":0,"21":0,"22":0,"23":0,"24":0,"25":0,"26":0,"27":0,"28":0,"29":0,"30":0,"31":0,"32":0,"33":0,"34":0,"35":0,"36":0,"37":0,"38":0,"39":0,"40":0},"f":{"0":0,"1":0,"2":0,"3":0,"4":0,"5":0,"6":0,"7":0,"8":0},"b":{"0":[0,0],"1":[0,0],"2":[0,0],"3":[0,0],"4":[0,0],"5":[0,0],"6":[0,0],"7":[0,0],"8":[0,0]},"meta":{"lastBranch":9,"lastFunction":9,"lastStatement":41,"seen":{"f:6:9:6:20":0,"s:7:24:7:Infinity":0,"b:7:37:7:59:7:59:7:61":0,"s:8:24:8:Infinity":1,"b:8:37:8:62:8:62:8:64":1,"s:9:26:9:Infinity":2,"b:9:39:9:62:9:62:9:64":2,"s:10:28:10:Infinity":3,"b:10:41:10:65:10:65:10:67":3,"s:11:34:11:Infinity":4,"b:11:47:11:74:11:74:11:76":4,"s:12:32:12:Infinity":5,"b:12:66:12:111:12:111:12:113":5,"s:14:25:50:Infinity":6,"f:14:25:14:37":1,"s:16:8:22:Infinity":7,"s:17:12:17:Infinity":8,"s:20:12:20:Infinity":9,"s:21:12:21:Infinity":10,"s:24:24:31:Infinity":11,"s:33:8:49:Infinity":12,"b:35:12:41:Infinity:38:19:41:Infinity":6,"s:35:12:41:Infinity":13,"s:36:16:36:Infinity":14,"s:37:16:37:Infinity":15,"s:39:16:39:Infinity":16,"s:40:16:40:Infinity":17,"s:43:12:43:Infinity":18,"s:44:12:44:Infinity":19,"s:45:12:45:Infinity":20,"s:47:12:47:Infinity":21,"s:48:12:48:Infinity":22,"s:52:25:65:Infinity":23,"f:52:25:52:37":2,"s:53:30:53:Infinity":24,"b:54:8:54:Infinity:undefined:undefined:undefined:undefined":7,"s:54:8:54:Infinity":25,"s:54:28:54:Infinity":26,"s:56:8:64:Infinity":27,"s:57:12:57:Infinity":28,"s:58:12:58:Infinity":29,"s:59:12:59:Infinity":30,"s:60:12:60:Infinity":31,"s:62:12:62:Infinity":32,"s:63:12:63:Infinity":33,"s:67:4:144:Infinity":34,"b:68:103:68:110:68:110:68:117":8,"f:81:42:81:43":3,"s:81:49:81:Infinity":35,"f:90:42:90:43":4,"s:90:49:90:Infinity":36,"f:99:42:99:43":5,"s:99:49:99:Infinity":37,"f:108:42:108:43":6,"s:108:49:108:Infinity":38,"f:117:42:117:43":7,"s:117:49:117:Infinity":39,"f:125:42:125:43":8,"s:125:49:125:Infinity":40}}}
,"C:\\Users\\Biel_\\nimbus-front\\src\\components\\SavedAlerts.jsx": {"path":"C:\\Users\\Biel_\\nimbus-front\\src\\components\\SavedAlerts.jsx","statementMap":{"0":{"start":{"line":11,"column":40},"end":{"line":11,"column":null}},"1":{"start":{"line":12,"column":46},"end":{"line":12,"column":null}},"2":{"start":{"line":14,"column":25},"end":{"line":26,"column":null}},"3":{"start":{"line":15,"column":24},"end":{"line":15,"column":null}},"4":{"start":{"line":16,"column":8},"end":{"line":16,"column":null}},"5":{"start":{"line":16,"column":22},"end":{"line":16,"column":null}},"6":{"start":{"line":18,"column":8},"end":{"line":25,"column":null}},"7":{"start":{"line":19,"column":12},"end":{"line":19,"column":null}},"8":{"start":{"line":20,"column":12},"end":{"line":20,"column":null}},"9":{"start":{"line":21,"column":12},"end":{"line":21,"column":null}},"10":{"start":{"line":21,"column":26},"end":{"line":21,"column":null}},"11":{"start":{"line":23,"column":12},"end":{"line":23,"column":null}},"12":{"start":{"line":24,"column":12},"end":{"line":24,"column":null}},"13":{"start":{"line":28,"column":23},"end":{"line":31,"column":null}},"14":{"start":{"line":29,"column":8},"end":{"line":29,"column":null}},"15":{"start":{"line":30,"column":8},"end":{"line":30,"column":null}},"16":{"start":{"line":33,"column":27},"end":{"line":36,"column":null}},"17":{"start":{"line":34,"column":8},"end":{"line":34,"column":null}},"18":{"start":{"line":35,"column":8},"end":{"line":35,"column":null}},"19":{"start":{"line":38,"column":4},"end":{"line":89,"column":null}},"20":{"start":{"line":54,"column":24},"end":{"line":77,"column":null}},"21":{"start":{"line":69,"column":51},"end":{"line":69,"column":null}},"22":{"start":{"line":74,"column":51},"end":{"line":74,"column":null}}},"fnMap":{"0":{"name":"SavedAlerts","decl":{"start":{"line":10,"column":9},"end":{"line":10,"column":21}},"loc":{"start":{"line":10,"column":64},"end":{"line":91,"column":null}},"line":10},"1":{"name":"(anonymous_1)","decl":{"start":{"line":14,"column":25},"end":{"line":14,"column":32}},"loc":{"start":{"line":14,"column":44},"end":{"line":26,"column":null}},"line":14},"2":{"name":"(anonymous_2)","decl":{"start":{"line":28,"column":23},"end":{"line":28,"column":24}},"loc":{"start":{"line":28,"column":34},"end":{"line":31,"column":null}},"line":28},"3":{"name":"(anonymous_3)","decl":{"start":{"line":33,"column":27},"end":{"line":33,"column":33}},"loc":{"start":{"line":33,"column":33},"end":{"line":36,"column":null}},"line":33},"4":{"name":"(anonymous_4)","decl":{"start":{"line":53,"column":32},"end":{"line":53,"column":33}},"loc":{"start":{"line":54,"column":24},"end":{"line":77,"column":null}},"line":54},"5":{"name":"(anonymous_5)","decl":{"start":{"line":69,"column":45},"end":{"line":69,"column":51}},"loc":{"start":{"line":69,"column":51},"end":{"line":69,"column":null}},"line":69},"6":{"name":"(anonymous_6)","decl":{"start":{"line":74,"column":45},"end":{"line":74,"column":51}},"loc":{"start":{"line":74,"column":51},"end":{"line":74,"column":null}},"line":74}},"branchMap":{"0":{"loc":{"start":{"line":16,"column":8},"end":{"line":16,"column":null}},"type":"if","locations":[{"start":{"line":16,"column":8},"end":{"line":16,"column":null}},{"start":{},"end":{}}],"line":16},"1":{"loc":{"start":{"line":21,"column":12},"end":{"line":21,"column":null}},"type":"if","locations":[{"start":{"line":21,"column":12},"end":{"line":21,"column":null}},{"start":{},"end":{}}],"line":21},"2":{"loc":{"start":{"line":45,"column":13},"end":{"line":79,"column":null}},"type":"cond-expr","locations":[{"start":{"line":46,"column":16},"end":{"line":48,"column":null}},{"start":{"line":49,"column":16},"end":{"line":79,"column":null}}],"line":45},"3":{"loc":{"start":{"line":49,"column":16},"end":{"line":79,"column":null}},"type":"cond-expr","locations":[{"start":{"line":50,"column":16},"end":{"line":50,"column":null}},{"start":{"line":52,"column":16},"end":{"line":79,"column":null}}],"line":49},"4":{"loc":{"start":{"line":82,"column":13},"end":{"line":87,"column":null}},"type":"binary-expr","locations":[{"start":{"line":82,"column":13},"end":{"line":82,"column":null}},{"start":{"line":83,"column":16},"end":{"line":87,"column":null}}],"line":82}},"s":{"0":0,"1":0,"2":0,"3":0,"4":0,"5":0,"6":0,"7":0,"8":0,"9":0,"10":0,"11":0,"12":0,"13":0,"14":0,"15":0,"16":0,"17":0,"18":0,"19":0,"20":0,"21":0,"22":0},"f":{"0":0,"1":0,"2":0,"3":0,"4":0,"5":0,"6":0},"b":{"0":[0,0],"1":[0,0],"2":[0,0],"3":[0,0],"4":[0,0]},"meta":{"lastBranch":5,"lastFunction":7,"lastStatement":23,"seen":{"f:10:9:10:21":0,"s:11:40:11:Infinity":0,"s:12:46:12:Infinity":1,"s:14:25:26:Infinity":2,"f:14:25:14:32":1,"s:15:24:15:Infinity":3,"b:16:8:16:Infinity:undefined:undefined:undefined:undefined":0,"s:16:8:16:Infinity":4,"s:16:22:16:Infinity":5,"s:18:8:25:Infinity":6,"s:19:12:19:Infinity":7,"s:20:12:20:Infinity":8,"b:21:12:21:Infinity:undefined:undefined:undefined:undefined":1,"s:21:12:21:Infinity":9,"s:21:26:21:Infinity":10,"s:23:12:23:Infinity":11,"s:24:12:24:Infinity":12,"s:28:23:31:Infinity":13,"f:28:23:28:24":2,"s:29:8:29:Infinity":14,"s:30:8:30:Infinity":15,"s:33:27:36:Infinity":16,"f:33:27:33:33":3,"s:34:8:34:Infinity":17,"s:35:8:35:Infinity":18,"s:38:4:89:Infinity":19,"b:46:16:48:Infinity:49:16:79:Infinity":2,"b:50:16:50:Infinity:52:16:79:Infinity":3,"f:53:32:53:33":4,"s:54:24:77:Infinity":20,"f:69:45:69:51":5,"s:69:51:69:Infinity":21,"f:74:45:74:51":6,"s:74:51:74:Infinity":22,"b:82:13:82:Infinity:83:16:87:Infinity":4}}}
,"C:\\Users\\Biel_\\nimbus-front\\src\\components\\Sidebar.jsx": {"path":"C:\\Users\\Biel_\\nimbus-front\\src\\components\\Sidebar.jsx","statementMap":{"0":{"start":{"line":14,"column":7},"end":{"line":14,"column":null}},"1":{"start":{"line":16,"column":15},"end":{"line":30,"column":null}},"2":{"start":{"line":32,"column":22},"end":{"line":39,"column":null}},"3":{"start":{"line":41,"column":18},"end":{"line":41,"column":null}},"4":{"start":{"line":41,"column":28},"end":{"line":41,"column":null}},"5":{"start":{"line":43,"column":1},"end":{"line":84,"column":null}},"6":{"start":{"line":51,"column":5},"end":{"line":60,"column":null}},"7":{"start":{"line":66,"column":5},"end":{"line":75,"column":null}}},"fnMap":{"0":{"name":"Sidebar","decl":{"start":{"line":13,"column":9},"end":{"line":13,"column":19}},"loc":{"start":{"line":13,"column":19},"end":{"line":86,"column":null}},"line":13},"1":{"name":"(anonymous_1)","decl":{"start":{"line":41,"column":18},"end":{"line":41,"column":19}},"loc":{"start":{"line":41,"column":28},"end":{"line":41,"column":null}},"line":41},"2":{"name":"(anonymous_2)","decl":{"start":{"line":50,"column":15},"end":{"line":50,"column":16}},"loc":{"start":{"line":51,"column":5},"end":{"line":60,"column":null}},"line":51},"3":{"name":"(anonymous_3)","decl":{"start":{"line":65,"column":22},"end":{"line":65,"column":23}},"loc":{"start":{"line":66,"column":5},"end":{"line":75,"column":null}},"line":66}},"branchMap":{"0":{"loc":{"start":{"line":55,"column":6},"end":{"line":55,"column":null}},"type":"cond-expr","locations":[{"start":{"line":55,"column":21},"end":{"line":55,"column":44}},{"start":{"line":55,"column":44},"end":{"line":55,"column":null}}],"line":55},"1":{"loc":{"start":{"line":70,"column":6},"end":{"line":70,"column":null}},"type":"cond-expr","locations":[{"start":{"line":70,"column":21},"end":{"line":70,"column":44}},{"start":{"line":70,"column":44},"end":{"line":70,"column":null}}],"line":70}},"s":{"0":0,"1":0,"2":0,"3":0,"4":0,"5":0,"6":0,"7":0},"f":{"0":0,"1":0,"2":0,"3":0},"b":{"0":[0,0],"1":[0,0]},"meta":{"lastBranch":2,"lastFunction":4,"lastStatement":8,"seen":{"f:13:9:13:19":0,"s:14:7:14:Infinity":0,"s:16:15:30:Infinity":1,"s:32:22:39:Infinity":2,"s:41:18:41:Infinity":3,"f:41:18:41:19":1,"s:41:28:41:Infinity":4,"s:43:1:84:Infinity":5,"f:50:15:50:16":2,"s:51:5:60:Infinity":6,"b:55:21:55:44:55:44:55:Infinity":0,"f:65:22:65:23":3,"s:66:5:75:Infinity":7,"b:70:21:70:44:70:44:70:Infinity":1}}}
,"C:\\Users\\Biel_\\nimbus-front\\src\\components\\StationDownMap.jsx": {"path":"C:\\Users\\Biel_\\nimbus-front\\src\\components\\StationDownMap.jsx","statementMap":{"0":{"start":{"line":5,"column":17},"end":{"line":13,"column":null}},"1":{"start":{"line":16,"column":46},"end":{"line":16,"column":null}},"2":{"start":{"line":17,"column":36},"end":{"line":17,"column":null}},"3":{"start":{"line":18,"column":10},"end":{"line":18,"column":null}},"4":{"start":{"line":19,"column":10},"end":{"line":19,"column":null}},"5":{"start":{"line":21,"column":24},"end":{"line":21,"column":null}},"6":{"start":{"line":21,"column":45},"end":{"line":21,"column":66}},"7":{"start":{"line":22,"column":25},"end":{"line":22,"column":null}},"8":{"start":{"line":22,"column":46},"end":{"line":22,"column":68}},"9":{"start":{"line":24,"column":4},"end":{"line":51,"column":null}},"10":{"start":{"line":25,"column":24},"end":{"line":48,"column":null}},"11":{"start":{"line":26,"column":12},"end":{"line":47,"column":null}},"12":{"start":{"line":27,"column":33},"end":{"line":27,"column":null}},"13":{"start":{"line":28,"column":32},"end":{"line":28,"column":null}},"14":{"start":{"line":29,"column":31},"end":{"line":29,"column":null}},"15":{"start":{"line":30,"column":28},"end":{"line":30,"column":null}},"16":{"start":{"line":31,"column":28},"end":{"line":31,"column":null}},"17":{"start":{"line":33,"column":16},"end":{"line":33,"column":null}},"18":{"start":{"line":33,"column":43},"end":{"line":33,"column":null}},"19":{"start":{"line":35,"column":16},"end":{"line":35,"column":null}},"20":{"start":{"line":36,"column":16},"end":{"line":36,"column":null}},"21":{"start":{"line":37,"column":16},"end":{"line":37,"column":null}},"22":{"start":{"line":39,"column":16},"end":{"line":44,"column":null}},"23":{"start":{"line":40,"column":20},"end":{"line":40,"column":null}},"24":{"start":{"line":41,"column":20},"end":{"line":41,"column":null}},"25":{"start":{"line":42,"column":20},"end":{"line":42,"column":null}},"26":{"start":{"line":43,"column":20},"end":{"line":43,"column":null}},"27":{"start":{"line":46,"column":16},"end":{"line":46,"column":null}},"28":{"start":{"line":50,"column":8},"end":{"line":50,"column":null}},"29":{"start":{"line":53,"column":4},"end":{"line":57,"column":null}},"30":{"start":{"line":54,"column":8},"end":{"line":56,"column":null}},"31":{"start":{"line":55,"column":12},"end":{"line":55,"column":null}},"32":{"start":{"line":59,"column":4},"end":{"line":79,"column":null}},"33":{"start":{"line":60,"column":35},"end":{"line":64,"column":null}},"34":{"start":{"line":61,"column":12},"end":{"line":63,"column":null}},"35":{"start":{"line":62,"column":16},"end":{"line":62,"column":null}},"36":{"start":{"line":66,"column":29},"end":{"line":70,"column":null}},"37":{"start":{"line":67,"column":12},"end":{"line":69,"column":null}},"38":{"start":{"line":68,"column":16},"end":{"line":68,"column":null}},"39":{"start":{"line":72,"column":8},"end":{"line":72,"column":null}},"40":{"start":{"line":73,"column":8},"end":{"line":73,"column":null}},"41":{"start":{"line":75,"column":8},"end":{"line":78,"column":null}},"42":{"start":{"line":76,"column":12},"end":{"line":76,"column":null}},"43":{"start":{"line":77,"column":12},"end":{"line":77,"column":null}},"44":{"start":{"line":81,"column":31},"end":{"line":115,"column":null}},"45":{"start":{"line":82,"column":8},"end":{"line":86,"column":null}},"46":{"start":{"line":83,"column":12},"end":{"line":83,"column":null}},"47":{"start":{"line":84,"column":12},"end":{"line":84,"column":null}},"48":{"start":{"line":85,"column":12},"end":{"line":85,"column":null}},"49":{"start":{"line":88,"column":8},"end":{"line":114,"column":null}},"50":{"start":{"line":89,"column":31},"end":{"line":89,"column":null}},"51":{"start":{"line":90,"column":26},"end":{"line":90,"column":null}},"52":{"start":{"line":91,"column":23},"end":{"line":91,"column":null}},"53":{"start":{"line":92,"column":31},"end":{"line":92,"column":null}},"54":{"start":{"line":93,"column":12},"end":{"line":93,"column":null}},"55":{"start":{"line":93,"column":29},"end":{"line":93,"column":null}},"56":{"start":{"line":95,"column":12},"end":{"line":113,"column":null}},"57":{"start":{"line":96,"column":32},"end":{"line":96,"column":null}},"58":{"start":{"line":97,"column":16},"end":{"line":110,"column":null}},"59":{"start":{"line":98,"column":35},"end":{"line":98,"column":null}},"60":{"start":{"line":99,"column":20},"end":{"line":99,"column":null}},"61":{"start":{"line":100,"column":20},"end":{"line":100,"column":null}},"62":{"start":{"line":102,"column":20},"end":{"line":109,"column":null}},"63":{"start":{"line":103,"column":24},"end":{"line":103,"column":null}},"64":{"start":{"line":104,"column":37},"end":{"line":104,"column":null}},"65":{"start":{"line":105,"column":35},"end":{"line":105,"column":null}},"66":{"start":{"line":106,"column":35},"end":{"line":106,"column":null}},"67":{"start":{"line":107,"column":24},"end":{"line":107,"column":null}},"68":{"start":{"line":108,"column":24},"end":{"line":108,"column":null}},"69":{"start":{"line":112,"column":16},"end":{"line":112,"column":null}},"70":{"start":{"line":117,"column":4},"end":{"line":166,"column":null}}},"fnMap":{"0":{"name":"StationDownMap","decl":{"start":{"line":15,"column":9},"end":{"line":15,"column":24}},"loc":{"start":{"line":15,"column":43},"end":{"line":168,"column":null}},"line":15},"1":{"name":"(anonymous_1)","decl":{"start":{"line":21,"column":40},"end":{"line":21,"column":45}},"loc":{"start":{"line":21,"column":45},"end":{"line":21,"column":66}},"line":21},"2":{"name":"(anonymous_2)","decl":{"start":{"line":22,"column":41},"end":{"line":22,"column":46}},"loc":{"start":{"line":22,"column":46},"end":{"line":22,"column":68}},"line":22},"3":{"name":"(anonymous_3)","decl":{"start":{"line":24,"column":14},"end":{"line":24,"column":20}},"loc":{"start":{"line":24,"column":20},"end":{"line":51,"column":7}},"line":24},"4":{"name":"(anonymous_4)","decl":{"start":{"line":25,"column":24},"end":{"line":25,"column":36}},"loc":{"start":{"line":25,"column":36},"end":{"line":48,"column":null}},"line":25},"5":{"name":"(anonymous_5)","decl":{"start":{"line":53,"column":14},"end":{"line":53,"column":20}},"loc":{"start":{"line":53,"column":20},"end":{"line":57,"column":7}},"line":53},"6":{"name":"(anonymous_6)","decl":{"start":{"line":59,"column":14},"end":{"line":59,"column":20}},"loc":{"start":{"line":59,"column":20},"end":{"line":79,"column":7}},"line":59},"7":{"name":"(anonymous_7)","decl":{"start":{"line":60,"column":35},"end":{"line":60,"column":36}},"loc":{"start":{"line":60,"column":42},"end":{"line":64,"column":null}},"line":60},"8":{"name":"(anonymous_8)","decl":{"start":{"line":66,"column":29},"end":{"line":66,"column":30}},"loc":{"start":{"line":66,"column":36},"end":{"line":70,"column":null}},"line":66},"9":{"name":"(anonymous_9)","decl":{"start":{"line":75,"column":15},"end":{"line":75,"column":21}},"loc":{"start":{"line":75,"column":21},"end":{"line":78,"column":null}},"line":75},"10":{"name":"(anonymous_10)","decl":{"start":{"line":81,"column":31},"end":{"line":81,"column":32}},"loc":{"start":{"line":81,"column":50},"end":{"line":115,"column":null}},"line":81},"11":{"name":"(anonymous_11)","decl":{"start":{"line":82,"column":47},"end":{"line":82,"column":52}},"loc":{"start":{"line":82,"column":52},"end":{"line":86,"column":9}},"line":82},"12":{"name":"(anonymous_12)","decl":{"start":{"line":88,"column":25},"end":{"line":88,"column":36}},"loc":{"start":{"line":88,"column":36},"end":{"line":114,"column":9}},"line":88},"13":{"name":"(anonymous_13)","decl":{"start":{"line":102,"column":37},"end":{"line":102,"column":38}},"loc":{"start":{"line":102,"column":44},"end":{"line":109,"column":null}},"line":102}},"branchMap":{"0":{"loc":{"start":{"line":15,"column":26},"end":{"line":15,"column":40}},"type":"default-arg","locations":[{"start":{"line":15,"column":37},"end":{"line":15,"column":40}}],"line":15},"1":{"loc":{"start":{"line":33,"column":16},"end":{"line":33,"column":null}},"type":"if","locations":[{"start":{"line":33,"column":16},"end":{"line":33,"column":null}},{"start":{},"end":{}}],"line":33},"2":{"loc":{"start":{"line":39,"column":16},"end":{"line":44,"column":null}},"type":"if","locations":[{"start":{"line":39,"column":16},"end":{"line":44,"column":null}},{"start":{},"end":{}}],"line":39},"3":{"loc":{"start":{"line":54,"column":8},"end":{"line":56,"column":null}},"type":"if","locations":[{"start":{"line":54,"column":8},"end":{"line":56,"column":null}},{"start":{},"end":{}}],"line":54},"4":{"loc":{"start":{"line":61,"column":12},"end":{"line":63,"column":null}},"type":"if","locations":[{"start":{"line":61,"column":12},"end":{"line":63,"column":null}},{"start":{},"end":{}}],"line":61},"5":{"loc":{"start":{"line":61,"column":16},"end":{"line":61,"column":88}},"type":"binary-expr","locations":[{"start":{"line":61,"column":16},"end":{"line":61,"column":43}},{"start":{"line":61,"column":43},"end":{"line":61,"column":88}}],"line":61},"6":{"loc":{"start":{"line":67,"column":12},"end":{"line":69,"column":null}},"type":"if","locations":[{"start":{"line":67,"column":12},"end":{"line":69,"column":null}},{"start":{},"end":{}}],"line":67},"7":{"loc":{"start":{"line":89,"column":31},"end":{"line":89,"column":null}},"type":"binary-expr","locations":[{"start":{"line":89,"column":31},"end":{"line":89,"column":50}},{"start":{"line":89,"column":50},"end":{"line":89,"column":null}}],"line":89},"8":{"loc":{"start":{"line":91,"column":23},"end":{"line":91,"column":null}},"type":"cond-expr","locations":[{"start":{"line":91,"column":31},"end":{"line":91,"column":56}},{"start":{"line":91,"column":56},"end":{"line":91,"column":null}}],"line":91},"9":{"loc":{"start":{"line":92,"column":31},"end":{"line":92,"column":null}},"type":"binary-expr","locations":[{"start":{"line":92,"column":31},"end":{"line":92,"column":37}},{"start":{"line":92,"column":37},"end":{"line":92,"column":null}}],"line":92},"10":{"loc":{"start":{"line":93,"column":12},"end":{"line":93,"column":null}},"type":"if","locations":[{"start":{"line":93,"column":12},"end":{"line":93,"column":null}},{"start":{},"end":{}}],"line":93},"11":{"loc":{"start":{"line":97,"column":16},"end":{"line":110,"column":null}},"type":"if","locations":[{"start":{"line":97,"column":16},"end":{"line":110,"column":null}},{"start":{},"end":{}}],"line":97},"12":{"loc":{"start":{"line":99,"column":48},"end":{"line":99,"column":99}},"type":"cond-expr","locations":[{"start":{"line":99,"column":78},"end":{"line":99,"column":90}},{"start":{"line":99,"column":90},"end":{"line":99,"column":99}}],"line":99},"13":{"loc":{"start":{"line":132,"column":21},"end":{"line":162,"column":null}},"type":"binary-expr","locations":[{"start":{"line":132,"column":21},"end":{"line":132,"column":null}},{"start":{"line":133,"column":24},"end":{"line":162,"column":null}}],"line":132},"14":{"loc":{"start":{"line":150,"column":75},"end":{"line":150,"column":150}},"type":"cond-expr","locations":[{"start":{"line":150,"column":113},"end":{"line":150,"column":134}},{"start":{"line":150,"column":134},"end":{"line":150,"column":150}}],"line":150}},"s":{"0":1,"1":0,"2":0,"3":0,"4":0,"5":0,"6":0,"7":0,"8":0,"9":0,"10":0,"11":0,"12":0,"13":0,"14":0,"15":0,"16":0,"17":0,"18":0,"19":0,"20":0,"21":0,"22":0,"23":0,"24":0,"25":0,"26":0,"27":0,"28":0,"29":0,"30":0,"31":0,"32":0,"33":0,"34":0,"35":0,"36":0,"37":0,"38":0,"39":0,"40":0,"41":0,"42":0,"43":0,"44":0,"45":0,"46":0,"47":0,"48":0,"49":0,"50":0,"51":0,"52":0,"53":0,"54":0,"55":0,"56":0,"57":0,"58":0,"59":0,"60":0,"61":0,"62":0,"63":0,"64":0,"65":0,"66":0,"
[...]
,"C:\\Users\\Biel_\\nimbus-front\\src\\store\\store.js": {"path":"C:\\Users\\Biel_\\nimbus-front\\src\\store\\store.js","statementMap":{"0":{"start":{"line":10,"column":15},"end":{"line":10,"column":36}},"1":{"start":{"line":12,"column":20},"end":{"line":23,"column":2}},"2":{"start":{"line":22,"column":8},"end":{"line":22,"column":66}}},"fnMap":{"0":{"name":"(anonymous_0)","decl":{"start":{"line":21,"column":16},"end":{"line":21,"column":17}},"loc":{"start":{"line":22,"column":8},"end":{"line":22,"column":66}},"line":22}},"branchMap":{},"s":{"0":2,"1":2,"2":2},"f":{"0":2},"b":{},"meta":{"lastBranch":0,"lastFunction":1,"lastStatement":3,"seen":{"s:10:15:10:36":0,"s:12:20:23:2":1,"f:21:16:21:17":0,"s:22:8:22:66":2}}}
,"C:\\Users\\Biel_\\nimbus-front\\src\\store\\webSocketMiddleware.js": {"path":"C:\\Users\\Biel_\\nimbus-front\\src\\store\\webSocketMiddleware.js","statementMap":{"0":{"start":{"line":10,"column":13},"end":{"line":10,"column":17}},"1":{"start":{"line":12,"column":35},"end":{"line":58,"column":1}},"2":{"start":{"line":12,"column":44},"end":{"line":58,"column":1}},"3":{"start":{"line":12,"column":55},"end":{"line":58,"column":1}},"4":{"start":{"line":12,"column":65},"end":{"line":58,"column":1}},"5":{"start":{"line":13,"column":4},"end":{"line":51,"column":5}},"6":{"start":{"line":14,"column":8},"end":{"line":14,"column":34}},"7":{"start":{"line":14,"column":20},"end":{"line":14,"column":34}},"8":{"start":{"line":16,"column":8},"end":{"line":16,"column":35}},"9":{"start":{"line":18,"column":8},"end":{"line":21,"column":9}},"10":{"start":{"line":19,"column":12},"end":{"line":19,"column":46}},"11":{"start":{"line":20,"column":12},"end":{"line":20,"column":41}},"12":{"start":{"line":23,"column":8},"end":{"line":45,"column":9}},"13":{"start":{"line":24,"column":25},"end":{"line":24,"column":47}},"14":{"start":{"line":26,"column":12},"end":{"line":26,"column":57}},"15":{"start":{"line":28,"column":12},"end":{"line":44,"column":13}},"16":{"start":{"line":30,"column":20},"end":{"line":30,"column":70}},"17":{"start":{"line":31,"column":20},"end":{"line":31,"column":25}},"18":{"start":{"line":33,"column":20},"end":{"line":33,"column":64}},"19":{"start":{"line":34,"column":20},"end":{"line":34,"column":25}},"20":{"start":{"line":36,"column":20},"end":{"line":36,"column":78}},"21":{"start":{"line":37,"column":20},"end":{"line":37,"column":25}},"22":{"start":{"line":39,"column":20},"end":{"line":39,"column":62}},"23":{"start":{"line":40,"column":20},"end":{"line":40,"column":25}},"24":{"start":{"line":42,"column":20},"end":{"line":42,"column":77}},"25":{"start":{"line":43,"column":20},"end":{"line":43,"column":25}},"26":{"start":{"line":47,"column":8},"end":{"line":50,"column":9}},"27":{"start":{"line":48,"column":12},"end":{"line":48,"column":49}},"28":{"start":{"line":49,"column":12},"end":{"line":49,"column":44}},"29":{"start":{"line":53,"column":4},"end":{"line":55,"column":5}},"30":{"start":{"line":54,"column":8},"end":{"line":54,"column":22}},"31":{"start":{"line":57,"column":4},"end":{"line":57,"column":23}}},"fnMap":{"0":{"name":"(anonymous_0)","decl":{"start":{"line":12,"column":35},"end":{"line":12,"column":36}},"loc":{"start":{"line":12,"column":44},"end":{"line":58,"column":1}},"line":12},"1":{"name":"(anonymous_1)","decl":{"start":{"line":12,"column":44},"end":{"line":12,"column":45}},"loc":{"start":{"line":12,"column":55},"end":{"line":58,"column":1}},"line":12},"2":{"name":"(anonymous_2)","decl":{"start":{"line":12,"column":55},"end":{"line":12,"column":56}},"loc":{"start":{"line":12,"column":65},"end":{"line":58,"column":1}},"line":12},"3":{"name":"(anonymous_3)","decl":{"start":{"line":12,"column":65},"end":{"line":12,"column":66}},"loc":{"start":{"line":12,"column":77},"end":{"line":58,"column":1}},"line":12},"4":{"name":"(anonymous_4)","decl":{"start":{"line":18,"column":24},"end":{"line":18,"column":25}},"loc":{"start":{"line":18,"column":30},"end":{"line":21,"column":9}},"line":18},"5":{"name":"(anonymous_5)","decl":{"start":{"line":23,"column":27},"end":{"line":23,"column":28}},"loc":{"start":{"line":23,"column":38},"end":{"line":45,"column":9}},"line":23},"6":{"name":"(anonymous_6)","decl":{"start":{"line":47,"column":25},"end":{"line":47,"column":26}},"loc":{"start":{"line":47,"column":31},"end":{"line":50,"column":9}},"line":47}},"branchMap":{"0":{"loc":{"start":{"line":13,"column":4},"end":{"line":51,"column":5}},"type":"if","locations":[{"start":{"line":13,"column":4},"end":{"line":51,"column":5}},{"start":{},"end":{}}],"line":13},"1":{"loc":{"start":{"line":14,"column":8},"end":{"line":14,"column":34}},"type":"if","locations":[{"start":{"line":14,"column":8},"end":{"line":14,"column":34}},{"start":{},"end":{}}],"line":14},"2":{"loc":{"start":{"line":28,"column":12},"end":{"line":44,"column":13}},"type":"switch","locations":[{"start":{"line":29,"column":16},"end":{"line":31,"column":25}},{"start":{"line":32,"column":16},"end":{"line":34,"column":25}},{"start":{"line":35,"column":16},"end":{"line":37,"column":25}},{"start":{"line":38,"column":16},"end":{"line":40,"column":25}},{"start":{"line":41,"column":16},"end":{"line":43,"column":25}}],"line":28},"3":{"loc":{"start":{"line":53,"column":4},"end":{"line":55,"column":5}},"type":"if","locations":[{"start":{"line":53,"column":4},"end":{"line":55,"column":5}},{"start":{},"end":{}}],"line":53},"4":{"loc":{"start":{"line":53,"column":8},"end":{"line":53,"column":49}},"type":"binary-expr","locations":[{"start":{"line":53,"column":8},"end":{"line":53,"column":39}},{"start":{"line":53,"column":43},"end":{"line":53,"column":49}}],"line":53}},"s":{"0":2,"1":2,"2":2,"3":2,"4":2,"5":7,"6":2,"7":1,"8":2,"9":2,"10":0,"11":0,"12":2,"13":0,"14":0,"15":0,"16":0,"17":0,"18":0,"19":0,"20":0,"21":0,"22":0,"23":0,"24":0,"25":0,"26":2,"27":2,"28":2,"29":7,"30":2,"31":7},"f":{"0":2,"1":2,"2":2,"3":7,"4":0,"5":0,"6":2},"b":{"0":[2,5],"1":[1,1],"2":[0,0,0,0,0],"3":[2,5],"4":[7,2]},"meta":{"lastBranch":5,"lastFunction":7,"lastStatement":32,"seen":{"s:10:13:10:17":0,"s:12:35:58:1":1,"f:12:35:12:36":0,"s:12:44:58:1":2,"f:12:44:12:45":1,"s:12:55:58:1":3,"f:12:55:12:56":2,"s:12:65:58:1":4,"f:12:65:12:66":3,"b:13:4:51:5:undefined:undefined:undefined:undefined":0,"s:13:4:51:5":5,"b:14:8:14:34:undefined:undefined:undefined:undefined":1,"s:14:8:14:34":6,"s:14:20:14:34":7,"s:16:8:16:35":8,"s:18:8:21:9":9,"f:18:24:18:25":4,"s:19:12:19:46":10,"s:20:12:20:41":11,"s:23:8:45:9":12,"f:23:27:23:28":5,"s:24:25:24:47":13,"s:26:12:26:57":14,"b:29:16:31:25:32:16:34:25:35:16:37:25:38:16:40:25:41:16:43:25":2,"s:28:12:44:13":15,"s:30:20:30:70":16,"s:31:20:31:25":17,"s:33:20:33:64":18,"s:34:20:34:25":19,"s:36:20:36:78":20,"s:37:20:37:25":21,"s:39:20:39:62":22,"s:40:20:40:25":23,"s:42:20:42:77":24,"s:43:20:43:25":25,"s:47:8:50:9":26,"f:47:25:47:26":6,"s:48:12:48:49":27,"s:49:12:49:44":28,"b:53:4:55:5:undefined:undefined:undefined:undefined":3,"s:53:4:55:5":29,"b:53:8:53:39:53:43:53:49":4,"s:54:8:54:22":30,"s:57:4:57:23":31}}}
,"C:\\Users\\Biel_\\nimbus-front\\src\\store\\slices\\activitySlice.js": {"path":"C:\\Users\\Biel_\\nimbus-front\\src\\store\\slices\\activitySlice.js","statementMap":{"0":{"start":{"line":6,"column":20},"end":{"line":6,"column":22}},"1":{"start":{"line":8,"column":21},"end":{"line":88,"column":2}},"2":{"start":{"line":16,"column":12},"end":{"line":16,"column":64}},"3":{"start":{"line":20,"column":8},"end":{"line":86,"column":14}},"4":{"start":{"line":22,"column":59},"end":{"line":22,"column":73}},"5":{"start":{"line":23,"column":39},"end":{"line":23,"column":76}},"6":{"start":{"line":24,"column":34},"end":{"line":24,"column":54}},"7":{"start":{"line":25,"column":38},"end":{"line":25,"column":142}},"8":{"start":{"line":27,"column":28},"end":{"line":27,"column":32}},"9":{"start":{"line":28,"column":34},"end":{"line":28,"column":40}},"10":{"start":{"line":30,"column":16},"end":{"line":38,"column":17}},"11":{"start":{"line":31,"column":20},"end":{"line":37,"column":21}},"12":{"start":{"line":32,"column":24},"end":{"line":32,"column":49}},"13":{"start":{"line":33,"column":24},"end":{"line":33,"column":44}},"14":{"start":{"line":34,"column":27},"end":{"line":37,"column":21}},"15":{"start":{"line":35,"column":24},"end":{"line":35,"column":49}},"16":{"start":{"line":36,"column":24},"end":{"line":36,"column":44}},"17":{"start":{"line":40,"column":16},"end":{"line":47,"column":17}},"18":{"start":{"line":41,"column":20},"end":{"line":46,"column":22}},"19":{"start":{"line":49,"column":16},"end":{"line":51,"column":17}},"20":{"start":{"line":50,"column":20},"end":{"line":50,"column":71}},"21":{"start":{"line":53,"column":16},"end":{"line":53,"column":62}},"22":{"start":{"line":56,"column":51},"end":{"line":56,"column":65}},"23":{"start":{"line":57,"column":34},"end":{"line":57,"column":54}},"24":{"start":{"line":58,"column":38},"end":{"line":58,"column":142}},"25":{"start":{"line":60,"column":16},"end":{"line":65,"column":18}},"26":{"start":{"line":67,"column":16},"end":{"line":69,"column":17}},"27":{"start":{"line":68,"column":20},"end":{"line":68,"column":71}},"28":{"start":{"line":72,"column":51},"end":{"line":72,"column":65}},"29":{"start":{"line":73,"column":34},"end":{"line":73,"column":54}},"30":{"start":{"line":74,"column":38},"end":{"line":74,"column":142}},"31":{"start":{"line":76,"column":16},"end":{"line":81,"column":18}},"32":{"start":{"line":83,"column":16},"end":{"line":85,"column":17}},"33":{"start":{"line":84,"column":20},"end":{"line":84,"column":71}},"34":{"start":{"line":90,"column":35},"end":{"line":90,"column":56}}},"fnMap":{"0":{"name":"(anonymous_0)","decl":{"start":{"line":15,"column":25},"end":{"line":15,"column":26}},"loc":{"start":{"line":15,"column":44},"end":{"line":17,"column":9}},"line":15},"1":{"name":"(anonymous_1)","decl":{"start":{"line":19,"column":19},"end":{"line":19,"column":20}},"loc":{"start":{"line":19,"column":32},"end":{"line":87,"column":5}},"line":19},"2":{"name":"(anonymous_2)","decl":{"start":{"line":21,"column":37},"end":{"line":21,"column":38}},"loc":{"start":{"line":21,"column":56},"end":{"line":54,"column":13}},"line":21},"3":{"name":"(anonymous_3)","decl":{"start":{"line":55,"column":34},"end":{"line":55,"column":35}},"loc":{"start":{"line":55,"column":53},"end":{"line":70,"column":13}},"line":55},"4":{"name":"(anonymous_4)","decl":{"start":{"line":71,"column":41},"end":{"line":71,"column":42}},"loc":{"start":{"line":71,"column":60},"end":{"line":86,"column":13}},"line":71}},"branchMap":{"0":{"loc":{"start":{"line":30,"column":16},"end":{"line":38,"column":17}},"type":"if","locations":[{"start":{"line":30,"column":16},"end":{"line":38,"column":17}},{"start":{},"end":{}}],"line":30},"1":{"loc":{"start":{"line":30,"column":20},"end":{"line":30,"column":63}},"type":"binary-expr","locations":[{"start":{"line":30,"column":20},"end":{"line":30,"column":34}},{"start":{"line":30,"column":38},"end":{"line":30,"column":63}}],"line":30},"2":{"loc":{"start":{"line":31,"column":20},"end":{"line":37,"column":21}},"type":"if","locations":[{"start":{"line":31,"column":20},"end":{"line":37,"column":21}},{"start":{"line":34,"column":27},"end":{"line":37,"column":21}}],"line":31},"3":{"loc":{"start":{"line":34,"column":27},"end":{"line":37,"column":21}},"type":"if","locations":[{"start":{"line":34,"column":27},"end":{"line":37,"column":21}},{"start":{},"end":{}}],"line":34},"4":{"loc":{"start":{"line":40,"column":16},"end":{"line":47,"column":17}},"type":"if","locations":[{"start":{"line":40,"column":16},"end":{"line":47,"column":17}},{"start":{},"end":{}}],"line":40},"5":{"loc":{"start":{"line":49,"column":16},"end":{"line":51,"column":17}},"type":"if","locations":[{"start":{"line":49,"column":16},"end":{"line":51,"column":17}},{"start":{},"end":{}}],"line":49},"6":{"loc":{"start":{"line":67,"column":16},"end":{"line":69,"column":17}},"type":"if","locations":[{"start":{"line":67,"column":16},"end":{"line":69,"column":17}},{"start":{},"end":{}}],"line":67},"7":{"loc":{"start":{"line":78,"column":29},"end":{"line":78,"column":68}},"type":"binary-expr","locations":[{"start":{"line":78,"column":29},"end":{"line":78,"column":39}},{"start":{"line":78,"column":43},"end":{"line":78,"column":68}}],"line":78},"8":{"loc":{"start":{"line":83,"column":16},"end":{"line":85,"column":17}},"type":"if","locations":[{"start":{"line":83,"column":16},"end":{"line":85,"column":17}},{"start":{},"end":{}}],"line":83}},"s":{"0":2,"1":2,"2":1,"3":2,"4":0,"5":0,"6":0,"7":0,"8":0,"9":0,"10":0,"11":0,"12":0,"13":0,"14":0,"15":0,"16":0,"17":0,"18":0,"19":0,"20":0,"21":0,"22":0,"23":0,"24":0,"25":0,"26":0,"27":0,"28":0,"29":0,"30":0,"31":0,"32":0,"33":0,"34":2},"f":{"0":1,"1":2,"2":0,"3":0,"4":0},"b":{"0":[0,0],"1":[0,0],"2":[0,0],"3":[0,0],"4":[0,0],"5":[0,0],"6":[0,0],"7":[0,0],"8":[0,0]},"meta":{"lastBranch":9,"lastFunction":5,"lastStatement":35,"seen":{"s:6:20:6:22":0,"s:8:21:88:2":1,"f:15:25:15:26":0,"s:16:12:16:64":2,"f:19:19:19:20":1,"s:20:8:86:14":3,"f:21:37:21:38":2,"s:22:59:22:73":4,"s:23:39:23:76":5,"s:24:34:24:54":6,"s:25:38:25:142":7,"s:27:28:27:32":8,"s:28:34:28:40":9,"b:30:16:38:17:undefined:undefined:undefined:undefined":0,"s:30:16:38:17":10,"b:30:20:30:34:30:38:30:63":1,"b:31:20:37:21:34:27:37:21":2,"s:31:20:37:21":11,"s:32:24:32:49":12,"s:33:24:33:44":13,"b:34:27:37:21:undefined:undefined:undefined:undefined":3,"s:34:27:37:21":14,"s:35:24:35:49":15,"s:36:24:36:44":16,"b:40:16:47:17:undefined:undefined:undefined:undefined":4,"s:40:16:47:17":17,"s:41:20:46:22":18,"b:49:16:51:17:undefined:undefined:undefined:undefined":5,"s:49:16:51:17":19,"s:50:20:50:71":20,"s:53:16:53:62":21,"f:55:34:55:35":3,"s:56:51:56:65":22,"s:57:34:57:54":23,"s:58:38:58:142":24,"s:60:16:65:18":25,"b:67:16:69:17:undefined:undefined:undefined:undefined":6,"s:67:16:69:17":26,"s:68:20:68:71":27,"f:71:41:71:42":4,"s:72:51:72:65":28,"s:73:34:73:54":29,"s:74:38:74:142":30,"s:76:16:81:18":31,"b:78:29:78:39:78:43:78:68":7,"b:83:16:85:17:undefined:undefined:undefined:undefined":8,"s:83:16:85:17":32,"s:84:20:84:71":33,"s:90:35:90:56":34}}}
,"C:\\Users\\Biel_\\nimbus-front\\src\\store\\slices\\connectionSlice.js": {"path":"C:\\Users\\Biel_\\nimbus-front\\src\\store\\slices\\connectionSlice.js","statementMap":{"0":{"start":{"line":3,"column":23},"end":{"line":14,"column":2}},"1":{"start":{"line":8,"column":12},"end":{"line":8,"column":34}},"2":{"start":{"line":11,"column":12},"end":{"line":11,"column":35}},"3":{"start":{"line":16,"column":47},"end":{"line":16,"column":70}}},"fnMap":{"0":{"name":"(anonymous_0)","decl":{"start":{"line":7,"column":21},"end":{"line":7,"column":22}},"loc":{"start":{"line":7,"column":32},"end":{"line":9,"column":9}},"line":7},"1":{"name":"(anonymous_1)","decl":{"start":{"line":10,"column":24},"end":{"line":10,"column":25}},"loc":{"start":{"line":10,"column":35},"end":{"line":12,"column":9}},"line":10}},"branchMap":{},"s":{"0":2,"1":0,"2":2,"3":2},"f":{"0":0,"1":2},"b":{},"meta":{"lastBranch":0,"lastFunction":2,"lastStatement":4,"seen":{"s:3:23:14:2":0,"f:7:21:7:22":0,"s:8:12:8:34":1,"f:10:24:10:25":1,"s:11:12:11:35":2,"s:16:47:16:70":3}}}
,"C:\\Users\\Biel_\\nimbus-front\\src\\store\\slices\\logSlice.js": {"path":"C:\\Users\\Biel_\\nimbus-front\\src\\store\\slices\\logSlice.js","statementMap":{"0":{"start":{"line":3,"column":16},"end":{"line":15,"column":2}},"1":{"start":{"line":11,"column":12},"end":{"line":11,"column":39}},"2":{"start":{"line":12,"column":12},"end":{"line":12,"column":46}},"3":{"start":{"line":17,"column":31},"end":{"line":17,"column":47}}},"fnMap":{"0":{"name":"(anonymous_0)","decl":{"start":{"line":10,"column":21},"end":{"line":10,"column":22}},"loc":{"start":{"line":10,"column":40},"end":{"line":13,"column":9}},"line":10}},"branchMap":{},"s":{"0":2,"1":0,"2":0,"3":2},"f":{"0":0},"b":{},"meta":{"lastBranch":0,"lastFunction":1,"lastStatement":4,"seen":{"s:3:16:15:2":0,"f:10:21:10:22":0,"s:11:12:11:39":1,"s:12:12:12:46":2,"s:17:31:17:47":3}}}
,"C:\\Users\\Biel_\\nimbus-front\\src\\store\\slices\\processingSlice.js": {"path":"C:\\Users\\Biel_\\nimbus-front\\src\\store\\slices\\processingSlice.js","statementMap":{"0":{"start":{"line":3,"column":23},"end":{"line":15,"column":2}},"1":{"start":{"line":11,"column":12},"end":{"line":11,"column":39}},"2":{"start":{"line":12,"column":12},"end":{"line":12,"column":46}},"3":{"start":{"line":17,"column":38},"end":{"line":17,"column":61}}},"fnMap":{"0":{"name":"(anonymous_0)","decl":{"start":{"line":10,"column":28},"end":{"line":10,"column":29}},"loc":{"start":{"line":10,"column":47},"end":{"line":13,"column":9}},"line":10}},"branchMap":{},"s":{"0":2,"1":0,"2":0,"3":2},"f":{"0":0},"b":{},"meta":{"lastBranch":0,"lastFunction":1,"lastStatement":4,"seen":{"s:3:23:15:2":0,"f:10:28:10:29":0,"s:11:12:11:39":1,"s:12:12:12:46":2,"s:17:38:17:61":3}}}
,"C:\\Users\\Biel_\\nimbus-front\\src\\store\\slices\\statusSlice.js": {"path":"C:\\Users\\Biel_\\nimbus-front\\src\\store\\slices\\statusSlice.js","statementMap":{"0":{"start":{"line":3,"column":19},"end":{"line":15,"column":2}},"1":{"start":{"line":11,"column":12},"end":{"line":11,"column":39}},"2":{"start":{"line":12,"column":12},"end":{"line":12,"column":46}},"3":{"start":{"line":17,"column":34},"end":{"line":17,"column":53}}},"fnMap":{"0":{"name":"(anonymous_0)","decl":{"start":{"line":10,"column":24},"end":{"line":10,"column":25}},"loc":{"start":{"line":10,"column":43},"end":{"line":13,"column":9}},"line":10}},"branchMap":{},"s":{"0":2,"1":0,"2":0,"3":2},"f":{"0":0},"b":{},"meta":{"lastBranch":0,"lastFunction":1,"lastStatement":4,"seen":{"s:3:19:15:2":0,"f:10:24:10:25":0,"s:11:12:11:39":1,"s:12:12:12:46":2,"s:17:34:17:53":3}}}
,"C:\\Users\\Biel_\\nimbus-front\\src\\store\\slices\\summarySlice.js": {"path":"C:\\Users\\Biel_\\nimbus-front\\src\\store\\slices\\summarySlice.js","statementMap":{"0":{"start":{"line":3,"column":20},"end":{"line":15,"column":2}},"1":{"start":{"line":11,"column":12},"end":{"line":11,"column":39}},"2":{"start":{"line":12,"column":12},"end":{"line":12,"column":46}},"3":{"start":{"line":17,"column":35},"end":{"line":17,"column":55}}},"fnMap":{"0":{"name":"(anonymous_0)","decl":{"start":{"line":10,"column":25},"end":{"line":10,"column":26}},"loc":{"start":{"line":10,"column":44},"end":{"line":13,"column":9}},"line":10}},"branchMap":{},"s":{"0":2,"1":0,"2":0,"3":2},"f":{"0":0},"b":{},"meta":{"lastBranch":0,"lastFunction":1,"lastStatement":4,"seen":{"s:3:20:15:2":0,"f:10:25:10:26":0,"s:11:12:11:39":1,"s:12:12:12:46":2,"s:17:35:17:55":3}}}
}
